<?xml version="1.0" encoding="UTF-8"?>
<robot generator="Robot 7.1.1 (Python 3.13.1 on win32)" generated="2025-02-12T07:14:00.016483" rpa="false" schemaversion="5">
<suite id="s1" name="Book" source="C:\Users\User\Downloads\ProjectSETest\tests\Book.robot">
<test id="s1-t1" name="User Can Submit a Book" line="89">
<kw name="Open Browser And Login">
<kw name="Open Browser" owner="SeleniumLibrary">
<msg time="2025-02-12T07:14:00.384786" level="INFO">Opening browser 'Chrome' to base url 'http://127.0.0.1:8000/login'.</msg>
<msg time="2025-02-12T07:14:00.750357" level="WARN">The chromedriver version (131.0.6778.264) detected in PATH at C:\ChromeForTesting\chromedriver.exe might not be compatible with the detected chrome version (132.0.6834.160); currently, chromedriver 132.0.6834.159 is recommended for chrome 132.*, so it is advised to delete the driver in PATH and retry</msg>
<arg>${URL}</arg>
<arg>${BROWSER}</arg>
<doc>Opens a new browser instance to the optional ``url``.</doc>
<status status="PASS" start="2025-02-12T07:14:00.384458" elapsed="1.907631"/>
</kw>
<kw name="Maximize Browser Window" owner="SeleniumLibrary">
<doc>Maximizes current browser window.</doc>
<status status="PASS" start="2025-02-12T07:14:02.292578" elapsed="0.031330"/>
</kw>
<kw name="Wait Until Element Is Visible" owner="SeleniumLibrary">
<arg>id=username</arg>
<arg>timeout=10s</arg>
<doc>Waits until the element ``locator`` is visible.</doc>
<status status="PASS" start="2025-02-12T07:14:02.324363" elapsed="0.039412"/>
</kw>
<kw name="Input Text" owner="SeleniumLibrary">
<msg time="2025-02-12T07:14:02.364578" level="INFO">Typing text 'pusadee@kku.ac.th' into text field 'id=username'.</msg>
<arg>id=username</arg>
<arg>${USERNAME}</arg>
<doc>Types the given ``text`` into the text field identified by ``locator``.</doc>
<status status="PASS" start="2025-02-12T07:14:02.364134" elapsed="0.187721"/>
</kw>
<kw name="Input Text" owner="SeleniumLibrary">
<msg time="2025-02-12T07:14:02.552928" level="INFO">Typing text '123456789' into text field 'id=password'.</msg>
<arg>id=password</arg>
<arg>${PASSWORD}</arg>
<doc>Types the given ``text`` into the text field identified by ``locator``.</doc>
<status status="PASS" start="2025-02-12T07:14:02.552396" elapsed="0.146287"/>
</kw>
<kw name="Click Button" owner="SeleniumLibrary">
<msg time="2025-02-12T07:14:02.699151" level="INFO">Clicking button 'xpath=//button[text()='Log In']'.</msg>
<arg>xpath=//button[text()='Log In']</arg>
<doc>Clicks the button identified by ``locator``.</doc>
<status status="PASS" start="2025-02-12T07:14:02.698904" elapsed="1.698703"/>
</kw>
<kw name="Wait Until Page Contains" owner="SeleniumLibrary">
<arg>Dashboard</arg>
<arg>timeout=10s</arg>
<doc>Waits until ``text`` appears on the current page.</doc>
<status status="PASS" start="2025-02-12T07:14:04.397805" elapsed="0.014600"/>
</kw>
<kw name="Capture Page Screenshot" owner="SeleniumLibrary">
<msg time="2025-02-12T07:14:04.520787" level="INFO" html="true">&lt;/td&gt;&lt;/tr&gt;&lt;tr&gt;&lt;td colspan="3"&gt;&lt;a href="selenium-screenshot-26.png"&gt;&lt;img src="selenium-screenshot-26.png" width="800px"&gt;&lt;/a&gt;</msg>
<doc>Takes a screenshot of the current page and embeds it into a log file.</doc>
<status status="PASS" start="2025-02-12T07:14:04.412645" elapsed="0.108256"/>
</kw>
<kw name="Sleep" owner="BuiltIn">
<msg time="2025-02-12T07:14:05.521823" level="INFO">Slept 1 second.</msg>
<arg>1s</arg>
<doc>Pauses the test executed for the given time.</doc>
<status status="PASS" start="2025-02-12T07:14:04.521083" elapsed="1.000883"/>
</kw>
<status status="PASS" start="2025-02-12T07:14:00.383532" elapsed="5.138624"/>
</kw>
<kw name="Click Book In Sidebar">
<kw name="Wait Until Element Is Visible" owner="SeleniumLibrary">
<arg>${SIDEBAR_BOOKS}</arg>
<arg>timeout=5s</arg>
<doc>Waits until the element ``locator`` is visible.</doc>
<status status="PASS" start="2025-02-12T07:14:05.523060" elapsed="0.024098"/>
</kw>
<kw name="Click Element" owner="SeleniumLibrary">
<msg time="2025-02-12T07:14:05.547695" level="INFO">Clicking element '//*[@id="sidebar"]/ul/li[8]/a/span'.</msg>
<arg>${SIDEBAR_BOOKS}</arg>
<doc>Click the element identified by ``locator``.</doc>
<status status="PASS" start="2025-02-12T07:14:05.547398" elapsed="0.081903"/>
</kw>
<kw name="Click Element" owner="SeleniumLibrary">
<msg time="2025-02-12T07:14:05.629728" level="INFO">Clicking element 'xpath=//a[@href='#ManagePublications']'.</msg>
<arg>xpath=//a[@href='#ManagePublications']</arg>
<doc>Click the element identified by ``locator``.</doc>
<status status="PASS" start="2025-02-12T07:14:05.629509" elapsed="0.080505"/>
</kw>
<kw name="Wait Until Element Is Visible" owner="SeleniumLibrary">
<arg>id=ManagePublications</arg>
<arg>timeout=5s</arg>
<doc>Waits until the element ``locator`` is visible.</doc>
<status status="PASS" start="2025-02-12T07:14:05.710425" elapsed="0.022967"/>
</kw>
<kw name="Page Should Contain Element" owner="SeleniumLibrary">
<msg time="2025-02-12T07:14:05.746228" level="INFO">Current page contains element 'xpath=//a[contains(@href, '/books') and contains(text(), 'Book')]'.</msg>
<arg>xpath=//a[contains(@href, '/books') and contains(text(), 'Book')]</arg>
<doc>Verifies that element ``locator`` is found on the current page.</doc>
<status status="PASS" start="2025-02-12T07:14:05.733633" elapsed="0.012768"/>
</kw>
<kw name="Click Element" owner="SeleniumLibrary">
<msg time="2025-02-12T07:14:05.746847" level="INFO">Clicking element 'xpath=//a[contains(@href, '/books') and contains(text(), 'Book')]'.</msg>
<arg>xpath=//a[contains(@href, '/books') and contains(text(), 'Book')]</arg>
<doc>Click the element identified by ``locator``.</doc>
<status status="PASS" start="2025-02-12T07:14:05.746615" elapsed="0.870968"/>
</kw>
<kw name="Capture Page Screenshot" owner="SeleniumLibrary">
<msg time="2025-02-12T07:14:06.731983" level="INFO" html="true">&lt;/td&gt;&lt;/tr&gt;&lt;tr&gt;&lt;td colspan="3"&gt;&lt;a href="selenium-screenshot-27.png"&gt;&lt;img src="selenium-screenshot-27.png" width="800px"&gt;&lt;/a&gt;</msg>
<doc>Takes a screenshot of the current page and embeds it into a log file.</doc>
<status status="PASS" start="2025-02-12T07:14:06.617962" elapsed="0.114132"/>
</kw>
<kw name="Sleep" owner="BuiltIn">
<msg time="2025-02-12T07:14:07.733288" level="INFO">Slept 1 second.</msg>
<arg>1s</arg>
<doc>Pauses the test executed for the given time.</doc>
<status status="PASS" start="2025-02-12T07:14:06.732269" elapsed="1.001180"/>
</kw>
<status status="PASS" start="2025-02-12T07:14:05.522697" elapsed="2.210909"/>
</kw>
<kw name="Click Button &quot;ADD&quot;">
<kw name="Wait Until Element Is Visible" owner="SeleniumLibrary">
<arg>${ADD_BOOK_BUTTON}</arg>
<arg>timeout=5s</arg>
<doc>Waits until the element ``locator`` is visible.</doc>
<status status="PASS" start="2025-02-12T07:14:07.734459" elapsed="0.022591"/>
</kw>
<kw name="Click Element" owner="SeleniumLibrary">
<msg time="2025-02-12T07:14:07.757582" level="INFO">Clicking element '//a[contains(@href, '/books/create')]'.</msg>
<arg>${ADD_BOOK_BUTTON}</arg>
<doc>Click the element identified by ``locator``.</doc>
<status status="PASS" start="2025-02-12T07:14:07.757289" elapsed="0.574763"/>
</kw>
<kw name="Wait Until Page Contains" owner="SeleniumLibrary">
<arg>เพิ่มหนังสือ</arg>
<arg>timeout=5s</arg>
<doc>Waits until ``text`` appears on the current page.</doc>
<status status="PASS" start="2025-02-12T07:14:08.332249" elapsed="0.016346"/>
</kw>
<kw name="Capture Page Screenshot" owner="SeleniumLibrary">
<msg time="2025-02-12T07:14:08.445622" level="INFO" html="true">&lt;/td&gt;&lt;/tr&gt;&lt;tr&gt;&lt;td colspan="3"&gt;&lt;a href="selenium-screenshot-28.png"&gt;&lt;img src="selenium-screenshot-28.png" width="800px"&gt;&lt;/a&gt;</msg>
<doc>Takes a screenshot of the current page and embeds it into a log file.</doc>
<status status="PASS" start="2025-02-12T07:14:08.348865" elapsed="0.096909"/>
</kw>
<kw name="Sleep" owner="BuiltIn">
<msg time="2025-02-12T07:14:09.446371" level="INFO">Slept 1 second.</msg>
<arg>1s</arg>
<doc>Pauses the test executed for the given time.</doc>
<status status="PASS" start="2025-02-12T07:14:08.445959" elapsed="1.000746"/>
</kw>
<status status="PASS" start="2025-02-12T07:14:07.734081" elapsed="1.712773"/>
</kw>
<kw name="Fill Book Form">
<kw name="Wait Until Element Is Visible" owner="SeleniumLibrary">
<arg>${INPUT_BOOK_NAME}</arg>
<arg>timeout=5s</arg>
<doc>Waits until the element ``locator`` is visible.</doc>
<status status="PASS" start="2025-02-12T07:14:09.447715" elapsed="0.021910"/>
</kw>
<kw name="Input Text" owner="SeleniumLibrary">
<msg time="2025-02-12T07:14:09.470040" level="INFO">Typing text 'Testttttttttttttttttt' into text field '//input[@name='ac_name']'.</msg>
<arg>${INPUT_BOOK_NAME}</arg>
<arg>Testttttttttttttttttt</arg>
<doc>Types the given ``text`` into the text field identified by ``locator``.</doc>
<status status="PASS" start="2025-02-12T07:14:09.469811" elapsed="0.112402"/>
</kw>
<kw name="Wait Until Element Is Visible" owner="SeleniumLibrary">
<arg>${INPUT_BOOK_SOURCETITLE}</arg>
<arg>timeout=5s</arg>
<doc>Waits until the element ``locator`` is visible.</doc>
<status status="PASS" start="2025-02-12T07:14:09.582416" elapsed="0.020412"/>
</kw>
<kw name="Input Text" owner="SeleniumLibrary">
<msg time="2025-02-12T07:14:09.603439" level="INFO">Typing text 'Pearson Education' into text field '//input[@name='ac_sourcetitle']'.</msg>
<arg>${INPUT_BOOK_SOURCETITLE}</arg>
<arg>Pearson Education</arg>
<doc>Types the given ``text`` into the text field identified by ``locator``.</doc>
<status status="PASS" start="2025-02-12T07:14:09.603067" elapsed="0.108546"/>
</kw>
<kw name="Input Text" owner="SeleniumLibrary">
<msg time="2025-02-12T07:14:09.712059" level="INFO">Typing text '01112025' into text field '//input[@name='ac_year']'.</msg>
<arg>${INPUT_BOOK_DATE}</arg>
<arg>01112025</arg>
<doc>Types the given ``text`` into the text field identified by ``locator``.</doc>
<status status="PASS" start="2025-02-12T07:14:09.711814" elapsed="0.101738"/>
</kw>
<kw name="Sleep" owner="BuiltIn">
<msg time="2025-02-12T07:14:19.814165" level="INFO">Slept 10 seconds.</msg>
<arg>10s</arg>
<doc>Pauses the test executed for the given time.</doc>
<status status="PASS" start="2025-02-12T07:14:09.813760" elapsed="10.000549"/>
</kw>
<kw name="Wait Until Element Is Visible" owner="SeleniumLibrary">
<arg>${INPUT_BOOK_PAGES}</arg>
<arg>timeout=5s</arg>
<doc>Waits until the element ``locator`` is visible.</doc>
<status status="PASS" start="2025-02-12T07:14:19.814545" elapsed="0.022574"/>
</kw>
<kw name="Input Text" owner="SeleniumLibrary">
<msg time="2025-02-12T07:14:19.837634" level="INFO">Typing text '1136' into text field '//input[@name='ac_page']'.</msg>
<arg>${INPUT_BOOK_PAGES}</arg>
<arg>1136</arg>
<doc>Types the given ``text`` into the text field identified by ``locator``.</doc>
<status status="PASS" start="2025-02-12T07:14:19.837347" elapsed="0.091715"/>
</kw>
<kw name="Capture Page Screenshot" owner="SeleniumLibrary">
<msg time="2025-02-12T07:14:20.081792" level="INFO" html="true">&lt;/td&gt;&lt;/tr&gt;&lt;tr&gt;&lt;td colspan="3"&gt;&lt;a href="selenium-screenshot-29.png"&gt;&lt;img src="selenium-screenshot-29.png" width="800px"&gt;&lt;/a&gt;</msg>
<doc>Takes a screenshot of the current page and embeds it into a log file.</doc>
<status status="PASS" start="2025-02-12T07:14:19.929366" elapsed="0.152548"/>
</kw>
<doc>กรอกข้อมูลหนังสือ</doc>
<status status="PASS" start="2025-02-12T07:14:09.447375" elapsed="10.634651"/>
</kw>
<kw name="Submit Book Form">
<kw name="Wait Until Element Is Visible" owner="SeleniumLibrary">
<arg>${SUBMIT_BUTTON}</arg>
<arg>timeout=5s</arg>
<doc>Waits until the element ``locator`` is visible.</doc>
<status status="PASS" start="2025-02-12T07:14:20.082866" elapsed="0.021066"/>
</kw>
<kw name="Scroll Element Into View" owner="SeleniumLibrary">
<arg>${SUBMIT_BUTTON}</arg>
<doc>Scrolls the element identified by ``locator`` into view.</doc>
<status status="PASS" start="2025-02-12T07:14:20.104142" elapsed="0.289493"/>
</kw>
<kw name="Click Button" owner="SeleniumLibrary">
<msg time="2025-02-12T07:14:20.394148" level="INFO">Clicking button '//button[@type='submit' and contains(text(), 'Submit')]'.</msg>
<arg>${SUBMIT_BUTTON}</arg>
<doc>Clicks the button identified by ``locator``.</doc>
<status status="PASS" start="2025-02-12T07:14:20.393874" elapsed="1.142088"/>
</kw>
<kw name="Sleep" owner="BuiltIn">
<msg time="2025-02-12T07:14:22.538131" level="INFO">Slept 1 second.</msg>
<arg>1s</arg>
<doc>Pauses the test executed for the given time.</doc>
<status status="PASS" start="2025-02-12T07:14:21.536557" elapsed="1.001714"/>
</kw>
<kw name="Capture Page Screenshot" owner="SeleniumLibrary">
<msg time="2025-02-12T07:14:22.624910" level="INFO" html="true">&lt;/td&gt;&lt;/tr&gt;&lt;tr&gt;&lt;td colspan="3"&gt;&lt;a href="selenium-screenshot-30.png"&gt;&lt;img src="selenium-screenshot-30.png" width="800px"&gt;&lt;/a&gt;</msg>
<doc>Takes a screenshot of the current page and embeds it into a log file.</doc>
<status status="PASS" start="2025-02-12T07:14:22.538502" elapsed="0.086581"/>
</kw>
<doc>คลิกปุ่ม Submit และตรวจสอบว่าบันทึกสำเร็จ</doc>
<status status="PASS" start="2025-02-12T07:14:20.082559" elapsed="2.542717"/>
</kw>
<kw name="Close Browser" owner="SeleniumLibrary">
<doc>Closes the current browser.</doc>
<status status="PASS" start="2025-02-12T07:14:22.625653" elapsed="2.197318"/>
</kw>
<status status="PASS" start="2025-02-12T07:14:00.382485" elapsed="24.440951"/>
</test>
<status status="PASS" start="2025-02-12T07:14:00.019029" elapsed="24.805841"/>
</suite>
<statistics>
<total>
<stat pass="1" fail="0" skip="0">All Tests</stat>
</total>
<tag>
</tag>
<suite>
<stat pass="1" fail="0" skip="0" id="s1" name="Book">Book</stat>
</suite>
</statistics>
<errors>
<msg time="2025-02-12T07:14:00.750357" level="WARN">The chromedriver version (131.0.6778.264) detected in PATH at C:\ChromeForTesting\chromedriver.exe might not be compatible with the detected chrome version (132.0.6834.160); currently, chromedriver 132.0.6834.159 is recommended for chrome 132.*, so it is advised to delete the driver in PATH and retry</msg>
</errors>
</robot>
