<?xml version="1.0" encoding="UTF-8"?>
<robot generator="Robot 7.1.1 (Python 3.13.1 on win32)" generated="2025-02-26T01:05:21.692477" rpa="false" schemaversion="5">
<suite id="s1" name="Language Switch Total Report" source="C:\Users\franc\Desktop\se_67\git_sp2\git-group-repository-group-2-sec-2\Collect_sp2\UAT-001.2\language_switch_total_report.robot">
<test id="s1-t1" name="Test Switching Between All Languages" line="19">
<kw name="Open Browser" owner="SeleniumLibrary">
<msg time="2025-02-26T01:05:21.928978" level="INFO">Opening browser 'Chrome' to base url 'http://127.0.0.1:8000'.</msg>
<arg>${URL}</arg>
<arg>${BROWSER}</arg>
<doc>Opens a new browser instance to the optional ``url``.</doc>
<status status="PASS" start="2025-02-26T01:05:21.928733" elapsed="2.256552"/>
</kw>
<kw name="Delete All Cookies" owner="SeleniumLibrary">
<doc>Deletes all cookies.</doc>
<status status="PASS" start="2025-02-26T01:05:24.185777" elapsed="0.040467"/>
</kw>
<kw name="Execute Javascript" owner="SeleniumLibrary">
<msg time="2025-02-26T01:05:24.227110" level="INFO">Executing JavaScript:
window.localStorage.clear();
Without any arguments.</msg>
<arg>window.localStorage.clear();</arg>
<doc>Executes the given JavaScript code with possible arguments.</doc>
<status status="PASS" start="2025-02-26T01:05:24.226550" elapsed="0.004940"/>
</kw>
<kw name="Execute Javascript" owner="SeleniumLibrary">
<msg time="2025-02-26T01:05:24.232051" level="INFO">Executing JavaScript:
window.sessionStorage.clear();
Without any arguments.</msg>
<arg>window.sessionStorage.clear();</arg>
<doc>Executes the given JavaScript code with possible arguments.</doc>
<status status="PASS" start="2025-02-26T01:05:24.231741" elapsed="0.004392"/>
</kw>
<kw name="Reload Page" owner="SeleniumLibrary">
<doc>Simulates user reloading page.</doc>
<status status="PASS" start="2025-02-26T01:05:24.236401" elapsed="0.524525"/>
</kw>
<kw name="Maximize Browser Window" owner="SeleniumLibrary">
<doc>Maximizes current browser window.</doc>
<status status="PASS" start="2025-02-26T01:05:24.761434" elapsed="0.064169"/>
</kw>
<kw name="Set Selenium Speed" owner="SeleniumLibrary">
<arg>0.3s</arg>
<doc>Sets the delay that is waited after each Selenium command.</doc>
<status status="PASS" start="2025-02-26T01:05:24.826032" elapsed="0.000271"/>
</kw>
<kw name="Scroll To Target And Capture">
<kw name="Wait Until Element Is Visible" owner="SeleniumLibrary">
<arg>xpath=/html/body/div/div[3]</arg>
<arg>timeout=10s</arg>
<doc>Waits until the element ``locator`` is visible.</doc>
<status status="PASS" start="2025-02-26T01:05:24.826955" elapsed="0.617557"/>
</kw>
<kw name="Execute Javascript" owner="SeleniumLibrary">
<msg time="2025-02-26T01:05:25.445015" level="INFO">Executing JavaScript:
return document.evaluate('/html/body/div/div[3]', document, null, XPathResult.FIRST_ORDERED_NODE_TYPE, null).singleNodeValue.getBoundingClientRect().top + window.scrollY - 100;
Without any arguments.</msg>
<msg time="2025-02-26T01:05:25.751857" level="INFO">${y_position} = 884.59375</msg>
<var>${y_position}</var>
<arg>return document.evaluate('/html/body/div/div[3]', document, null, XPathResult.FIRST_ORDERED_NODE_TYPE, null).singleNodeValue.getBoundingClientRect().top + window.scrollY - 100;</arg>
<doc>Executes the given JavaScript code with possible arguments.</doc>
<status status="PASS" start="2025-02-26T01:05:25.444710" elapsed="0.307190"/>
</kw>
<kw name="Execute Javascript" owner="SeleniumLibrary">
<msg time="2025-02-26T01:05:25.752345" level="INFO">Executing JavaScript:
window.scrollTo({ top: 884.59375, behavior: 'smooth' });
Without any arguments.</msg>
<arg>window.scrollTo({ top: ${y_position}, behavior: 'smooth' });</arg>
<doc>Executes the given JavaScript code with possible arguments.</doc>
<status status="PASS" start="2025-02-26T01:05:25.752047" elapsed="0.306852"/>
</kw>
<kw name="Sleep" owner="BuiltIn">
<msg time="2025-02-26T01:05:28.059574" level="INFO">Slept 2 seconds.</msg>
<arg>2s</arg>
<doc>Pauses the test executed for the given time.</doc>
<status status="PASS" start="2025-02-26T01:05:26.059086" elapsed="2.000594"/>
</kw>
<kw name="Capture Page Screenshot" owner="SeleniumLibrary">
<msg time="2025-02-26T01:05:28.439938" level="INFO" html="true">&lt;/td&gt;&lt;/tr&gt;&lt;tr&gt;&lt;td colspan="3"&gt;&lt;a href="en_test_page.png"&gt;&lt;img src="en_test_page.png" width="800px"&gt;&lt;/a&gt;</msg>
<arg>${screenshot_name}</arg>
<doc>Takes a screenshot of the current page and embeds it into a log file.</doc>
<status status="PASS" start="2025-02-26T01:05:28.059834" elapsed="0.380212"/>
</kw>
<arg>en_test_page.png</arg>
<status status="PASS" start="2025-02-26T01:05:24.826631" elapsed="3.613516"/>
</kw>
<kw name="Change Language To Thai">
<kw name="Mouse Over" owner="SeleniumLibrary">
<msg time="2025-02-26T01:05:28.440771" level="INFO">Simulating Mouse Over on element 'xpath=//*[@id="navbarDropdownMenuLink"]'.</msg>
<arg>${LANG_DROPDOWN}</arg>
<doc>Simulates hovering the mouse over the element ``locator``.</doc>
<status status="PASS" start="2025-02-26T01:05:28.440627" elapsed="0.898954"/>
</kw>
<kw name="Sleep" owner="BuiltIn">
<msg time="2025-02-26T01:05:30.340363" level="INFO">Slept 1 second.</msg>
<arg>1s</arg>
<doc>Pauses the test executed for the given time.</doc>
<status status="PASS" start="2025-02-26T01:05:29.339770" elapsed="1.000702"/>
</kw>
<kw name="Click Element" owner="SeleniumLibrary">
<msg time="2025-02-26T01:05:30.340812" level="INFO">Clicking element 'xpath=//*[@id="navbarDropdownMenuLink"]'.</msg>
<arg>${LANG_DROPDOWN}</arg>
<doc>Click the element identified by ``locator``.</doc>
<status status="PASS" start="2025-02-26T01:05:30.340627" elapsed="0.656552"/>
</kw>
<kw name="Wait Until Element Is Visible" owner="SeleniumLibrary">
<arg>${TH_BUTTON}</arg>
<arg>timeout=5s</arg>
<doc>Waits until the element ``locator`` is visible.</doc>
<status status="PASS" start="2025-02-26T01:05:30.997364" elapsed="0.618187"/>
</kw>
<kw name="Click Element" owner="SeleniumLibrary">
<msg time="2025-02-26T01:05:31.615958" level="INFO">Clicking element 'xpath=//div[@class='dropdown-menu show']//a[contains(text(), 'ไทย')]'.</msg>
<arg>${TH_BUTTON}</arg>
<doc>Click the element identified by ``locator``.</doc>
<status status="PASS" start="2025-02-26T01:05:31.615763" elapsed="1.242502"/>
</kw>
<kw name="Sleep" owner="BuiltIn">
<msg time="2025-02-26T01:05:35.859256" level="INFO">Slept 3 seconds.</msg>
<arg>3s</arg>
<doc>Pauses the test executed for the given time.</doc>
<status status="PASS" start="2025-02-26T01:05:32.858463" elapsed="3.000900"/>
</kw>
<status status="PASS" start="2025-02-26T01:05:28.440417" elapsed="7.419078"/>
</kw>
<kw name="Scroll To Target And Capture">
<kw name="Wait Until Element Is Visible" owner="SeleniumLibrary">
<arg>xpath=/html/body/div/div[3]</arg>
<arg>timeout=10s</arg>
<doc>Waits until the element ``locator`` is visible.</doc>
<status status="PASS" start="2025-02-26T01:05:35.860496" elapsed="0.617440"/>
</kw>
<kw name="Execute Javascript" owner="SeleniumLibrary">
<msg time="2025-02-26T01:05:36.478457" level="INFO">Executing JavaScript:
return document.evaluate('/html/body/div/div[3]', document, null, XPathResult.FIRST_ORDERED_NODE_TYPE, null).singleNodeValue.getBoundingClientRect().top + window.scrollY - 100;
Without any arguments.</msg>
<msg time="2025-02-26T01:05:36.782879" level="INFO">${y_position} = 884.59375</msg>
<var>${y_position}</var>
<arg>return document.evaluate('/html/body/div/div[3]', document, null, XPathResult.FIRST_ORDERED_NODE_TYPE, null).singleNodeValue.getBoundingClientRect().top + window.scrollY - 100;</arg>
<doc>Executes the given JavaScript code with possible arguments.</doc>
<status status="PASS" start="2025-02-26T01:05:36.478140" elapsed="0.304790"/>
</kw>
<kw name="Execute Javascript" owner="SeleniumLibrary">
<msg time="2025-02-26T01:05:36.783376" level="INFO">Executing JavaScript:
window.scrollTo({ top: 884.59375, behavior: 'smooth' });
Without any arguments.</msg>
<arg>window.scrollTo({ top: ${y_position}, behavior: 'smooth' });</arg>
<doc>Executes the given JavaScript code with possible arguments.</doc>
<status status="PASS" start="2025-02-26T01:05:36.783074" elapsed="0.306355"/>
</kw>
<kw name="Sleep" owner="BuiltIn">
<msg time="2025-02-26T01:05:39.090492" level="INFO">Slept 2 seconds.</msg>
<arg>2s</arg>
<doc>Pauses the test executed for the given time.</doc>
<status status="PASS" start="2025-02-26T01:05:37.089834" elapsed="2.000762"/>
</kw>
<kw name="Capture Page Screenshot" owner="SeleniumLibrary">
<msg time="2025-02-26T01:05:39.464958" level="INFO" html="true">&lt;/td&gt;&lt;/tr&gt;&lt;tr&gt;&lt;td colspan="3"&gt;&lt;a href="th_test_page.png"&gt;&lt;img src="th_test_page.png" width="800px"&gt;&lt;/a&gt;</msg>
<arg>${screenshot_name}</arg>
<doc>Takes a screenshot of the current page and embeds it into a log file.</doc>
<status status="PASS" start="2025-02-26T01:05:39.090743" elapsed="0.374337"/>
</kw>
<arg>th_test_page.png</arg>
<status status="PASS" start="2025-02-26T01:05:35.860269" elapsed="3.604900"/>
</kw>
<kw name="Change Language To Chinese">
<kw name="Mouse Over" owner="SeleniumLibrary">
<msg time="2025-02-26T01:05:39.465857" level="INFO">Simulating Mouse Over on element 'xpath=//*[@id="navbarDropdownMenuLink"]'.</msg>
<arg>${LANG_DROPDOWN}</arg>
<doc>Simulates hovering the mouse over the element ``locator``.</doc>
<status status="PASS" start="2025-02-26T01:05:39.465722" elapsed="0.886590"/>
</kw>
<kw name="Sleep" owner="BuiltIn">
<msg time="2025-02-26T01:05:41.353265" level="INFO">Slept 1 second.</msg>
<arg>1s</arg>
<doc>Pauses the test executed for the given time.</doc>
<status status="PASS" start="2025-02-26T01:05:40.352502" elapsed="1.000886"/>
</kw>
<kw name="Click Element" owner="SeleniumLibrary">
<msg time="2025-02-26T01:05:41.353750" level="INFO">Clicking element 'xpath=//*[@id="navbarDropdownMenuLink"]'.</msg>
<arg>${LANG_DROPDOWN}</arg>
<doc>Click the element identified by ``locator``.</doc>
<status status="PASS" start="2025-02-26T01:05:41.353553" elapsed="0.642705"/>
</kw>
<kw name="Wait Until Element Is Visible" owner="SeleniumLibrary">
<arg>${CH_BUTTON}</arg>
<arg>timeout=5s</arg>
<doc>Waits until the element ``locator`` is visible.</doc>
<status status="PASS" start="2025-02-26T01:05:41.996436" elapsed="0.618635"/>
</kw>
<kw name="Click Element" owner="SeleniumLibrary">
<msg time="2025-02-26T01:05:42.615438" level="INFO">Clicking element 'xpath=//div[@class='dropdown-menu show']//a[contains(text(), '中文')]'.</msg>
<arg>${CH_BUTTON}</arg>
<doc>Click the element identified by ``locator``.</doc>
<status status="PASS" start="2025-02-26T01:05:42.615247" elapsed="1.255020"/>
</kw>
<kw name="Sleep" owner="BuiltIn">
<msg time="2025-02-26T01:05:46.870947" level="INFO">Slept 3 seconds.</msg>
<arg>3s</arg>
<doc>Pauses the test executed for the given time.</doc>
<status status="PASS" start="2025-02-26T01:05:43.870446" elapsed="3.000616"/>
</kw>
<status status="PASS" start="2025-02-26T01:05:39.465537" elapsed="7.405613"/>
</kw>
<kw name="Scroll To Target And Capture">
<kw name="Wait Until Element Is Visible" owner="SeleniumLibrary">
<arg>xpath=/html/body/div/div[3]</arg>
<arg>timeout=10s</arg>
<doc>Waits until the element ``locator`` is visible.</doc>
<status status="PASS" start="2025-02-26T01:05:46.871778" elapsed="0.616320"/>
</kw>
<kw name="Execute Javascript" owner="SeleniumLibrary">
<msg time="2025-02-26T01:05:47.488561" level="INFO">Executing JavaScript:
return document.evaluate('/html/body/div/div[3]', document, null, XPathResult.FIRST_ORDERED_NODE_TYPE, null).singleNodeValue.getBoundingClientRect().top + window.scrollY - 100;
Without any arguments.</msg>
<msg time="2025-02-26T01:05:47.794834" level="INFO">${y_position} = 884.59375</msg>
<var>${y_position}</var>
<arg>return document.evaluate('/html/body/div/div[3]', document, null, XPathResult.FIRST_ORDERED_NODE_TYPE, null).singleNodeValue.getBoundingClientRect().top + window.scrollY - 100;</arg>
<doc>Executes the given JavaScript code with possible arguments.</doc>
<status status="PASS" start="2025-02-26T01:05:47.488281" elapsed="0.306594"/>
</kw>
<kw name="Execute Javascript" owner="SeleniumLibrary">
<msg time="2025-02-26T01:05:47.795311" level="INFO">Executing JavaScript:
window.scrollTo({ top: 884.59375, behavior: 'smooth' });
Without any arguments.</msg>
<arg>window.scrollTo({ top: ${y_position}, behavior: 'smooth' });</arg>
<doc>Executes the given JavaScript code with possible arguments.</doc>
<status status="PASS" start="2025-02-26T01:05:47.795015" elapsed="0.306800"/>
</kw>
<kw name="Sleep" owner="BuiltIn">
<msg time="2025-02-26T01:05:50.102239" level="INFO">Slept 2 seconds.</msg>
<arg>2s</arg>
<doc>Pauses the test executed for the given time.</doc>
<status status="PASS" start="2025-02-26T01:05:48.101992" elapsed="2.000347"/>
</kw>
<kw name="Capture Page Screenshot" owner="SeleniumLibrary">
<msg time="2025-02-26T01:05:50.505019" level="INFO" html="true">&lt;/td&gt;&lt;/tr&gt;&lt;tr&gt;&lt;td colspan="3"&gt;&lt;a href="ch_test_page.png"&gt;&lt;img src="ch_test_page.png" width="800px"&gt;&lt;/a&gt;</msg>
<arg>${screenshot_name}</arg>
<doc>Takes a screenshot of the current page and embeds it into a log file.</doc>
<status status="PASS" start="2025-02-26T01:05:50.102489" elapsed="0.402708"/>
</kw>
<arg>ch_test_page.png</arg>
<status status="PASS" start="2025-02-26T01:05:46.871569" elapsed="3.633726"/>
</kw>
<kw name="Close Browser" owner="SeleniumLibrary">
<doc>Closes the current browser.</doc>
<status status="PASS" start="2025-02-26T01:05:50.505630" elapsed="2.396198"/>
</kw>
<status status="PASS" start="2025-02-26T01:05:21.927834" elapsed="30.974286"/>
</test>
<status status="PASS" start="2025-02-26T01:05:21.693746" elapsed="31.209059"/>
</suite>
<statistics>
<total>
<stat pass="1" fail="0" skip="0">All Tests</stat>
</total>
<tag>
</tag>
<suite>
<stat pass="1" fail="0" skip="0" id="s1" name="Language Switch Total Report">Language Switch Total Report</stat>
</suite>
</statistics>
<errors>
</errors>
</robot>
