<?xml version="1.0" encoding="UTF-8"?>
<robot generator="Robot 7.1.1 (Python 3.13.1 on win32)" generated="2025-02-26T12:01:03.965855" rpa="false" schemaversion="5">
<suite id="s1" name="Language Switch Total Report" source="C:\Users\franc\Desktop\se_67\git_sp2\git-group-repository-group-2-sec-2\Collect_sp2\UAT-001.2\language_switch_total_report.robot">
<test id="s1-t1" name="Test Switching Between All Languages" line="19">
<kw name="Open Browser" owner="SeleniumLibrary">
<msg time="2025-02-26T12:01:04.862724" level="INFO">Opening browser 'Chrome' to base url 'https://soften2sec267.cpkkuhost.com/'.</msg>
<arg>${URL}</arg>
<arg>${BROWSER}</arg>
<doc>Opens a new browser instance to the optional ``url``.</doc>
<status status="PASS" start="2025-02-26T12:01:04.862014" elapsed="6.763458"/>
</kw>
<kw name="Delete All Cookies" owner="SeleniumLibrary">
<doc>Deletes all cookies.</doc>
<status status="PASS" start="2025-02-26T12:01:11.626497" elapsed="0.033217"/>
</kw>
<kw name="Execute Javascript" owner="SeleniumLibrary">
<msg time="2025-02-26T12:01:11.661452" level="INFO">Executing JavaScript:
window.localStorage.clear();
Without any arguments.</msg>
<arg>window.localStorage.clear();</arg>
<doc>Executes the given JavaScript code with possible arguments.</doc>
<status status="PASS" start="2025-02-26T12:01:11.660442" elapsed="0.015020"/>
</kw>
<kw name="Execute Javascript" owner="SeleniumLibrary">
<msg time="2025-02-26T12:01:11.677206" level="INFO">Executing JavaScript:
window.sessionStorage.clear();
Without any arguments.</msg>
<arg>window.sessionStorage.clear();</arg>
<doc>Executes the given JavaScript code with possible arguments.</doc>
<status status="PASS" start="2025-02-26T12:01:11.676242" elapsed="0.017436"/>
</kw>
<kw name="Reload Page" owner="SeleniumLibrary">
<doc>Simulates user reloading page.</doc>
<status status="PASS" start="2025-02-26T12:01:11.694532" elapsed="1.023593"/>
</kw>
<kw name="Maximize Browser Window" owner="SeleniumLibrary">
<doc>Maximizes current browser window.</doc>
<status status="PASS" start="2025-02-26T12:01:12.718804" elapsed="0.073904"/>
</kw>
<kw name="Set Selenium Speed" owner="SeleniumLibrary">
<arg>0.3s</arg>
<doc>Sets the delay that is waited after each Selenium command.</doc>
<status status="PASS" start="2025-02-26T12:01:12.793667" elapsed="0.000713"/>
</kw>
<kw name="Scroll To Target And Capture">
<kw name="Wait Until Element Is Visible" owner="SeleniumLibrary">
<arg>xpath=/html/body/div/div[3]</arg>
<arg>timeout=10s</arg>
<doc>Waits until the element ``locator`` is visible.</doc>
<status status="PASS" start="2025-02-26T12:01:12.796504" elapsed="0.666731"/>
</kw>
<kw name="Execute Javascript" owner="SeleniumLibrary">
<msg time="2025-02-26T12:01:13.464712" level="INFO">Executing JavaScript:
return document.evaluate('/html/body/div/div[3]', document, null, XPathResult.FIRST_ORDERED_NODE_TYPE, null).singleNodeValue.getBoundingClientRect().top + window.scrollY - 100;
Without any arguments.</msg>
<msg time="2025-02-26T12:01:13.781038" level="INFO">${y_position} = 884.59375</msg>
<var>${y_position}</var>
<arg>return document.evaluate('/html/body/div/div[3]', document, null, XPathResult.FIRST_ORDERED_NODE_TYPE, null).singleNodeValue.getBoundingClientRect().top + window.scrollY - 100;</arg>
<doc>Executes the given JavaScript code with possible arguments.</doc>
<status status="PASS" start="2025-02-26T12:01:13.463787" elapsed="0.317372"/>
</kw>
<kw name="Execute Javascript" owner="SeleniumLibrary">
<msg time="2025-02-26T12:01:13.782602" level="INFO">Executing JavaScript:
window.scrollTo({ top: 884.59375, behavior: 'smooth' });
Without any arguments.</msg>
<arg>window.scrollTo({ top: ${y_position}, behavior: 'smooth' });</arg>
<doc>Executes the given JavaScript code with possible arguments.</doc>
<status status="PASS" start="2025-02-26T12:01:13.781558" elapsed="0.316136"/>
</kw>
<kw name="Sleep" owner="BuiltIn">
<msg time="2025-02-26T12:01:16.099102" level="INFO">Slept 2 seconds.</msg>
<arg>2s</arg>
<doc>Pauses the test executed for the given time.</doc>
<status status="PASS" start="2025-02-26T12:01:14.098190" elapsed="2.001155"/>
</kw>
<kw name="Capture Page Screenshot" owner="SeleniumLibrary">
<msg time="2025-02-26T12:01:16.670352" level="INFO" html="true">&lt;/td&gt;&lt;/tr&gt;&lt;tr&gt;&lt;td colspan="3"&gt;&lt;a href="en_test_page.png"&gt;&lt;img src="en_test_page.png" width="800px"&gt;&lt;/a&gt;</msg>
<arg>${screenshot_name}</arg>
<doc>Takes a screenshot of the current page and embeds it into a log file.</doc>
<status status="PASS" start="2025-02-26T12:01:16.099751" elapsed="0.570918"/>
</kw>
<arg>en_test_page.png</arg>
<status status="PASS" start="2025-02-26T12:01:12.795345" elapsed="3.875611"/>
</kw>
<kw name="Change Language To Thai">
<kw name="Mouse Over" owner="SeleniumLibrary">
<msg time="2025-02-26T12:01:16.672871" level="INFO">Simulating Mouse Over on element 'xpath=//*[@id="navbarDropdownMenuLink"]'.</msg>
<arg>${LANG_DROPDOWN}</arg>
<doc>Simulates hovering the mouse over the element ``locator``.</doc>
<status status="PASS" start="2025-02-26T12:01:16.672422" elapsed="0.947118"/>
</kw>
<kw name="Sleep" owner="BuiltIn">
<msg time="2025-02-26T12:01:18.621001" level="INFO">Slept 1 second.</msg>
<arg>1s</arg>
<doc>Pauses the test executed for the given time.</doc>
<status status="PASS" start="2025-02-26T12:01:17.619981" elapsed="1.001347"/>
</kw>
<kw name="Click Element" owner="SeleniumLibrary">
<msg time="2025-02-26T12:01:18.622661" level="INFO">Clicking element 'xpath=//*[@id="navbarDropdownMenuLink"]'.</msg>
<arg>${LANG_DROPDOWN}</arg>
<doc>Click the element identified by ``locator``.</doc>
<status status="PASS" start="2025-02-26T12:01:18.621880" elapsed="0.817486"/>
</kw>
<kw name="Wait Until Element Is Visible" owner="SeleniumLibrary">
<arg>${TH_BUTTON}</arg>
<arg>timeout=5s</arg>
<doc>Waits until the element ``locator`` is visible.</doc>
<status status="PASS" start="2025-02-26T12:01:19.439900" elapsed="0.659671"/>
</kw>
<kw name="Click Element" owner="SeleniumLibrary">
<msg time="2025-02-26T12:01:20.100595" level="INFO">Clicking element 'xpath=//div[@class='dropdown-menu show']//a[contains(text(), 'ไทย')]'.</msg>
<arg>${TH_BUTTON}</arg>
<doc>Click the element identified by ``locator``.</doc>
<status status="PASS" start="2025-02-26T12:01:20.100048" elapsed="3.495195"/>
</kw>
<kw name="Sleep" owner="BuiltIn">
<msg time="2025-02-26T12:01:26.596570" level="INFO">Slept 3 seconds.</msg>
<arg>3s</arg>
<doc>Pauses the test executed for the given time.</doc>
<status status="PASS" start="2025-02-26T12:01:23.595770" elapsed="3.001046"/>
</kw>
<status status="PASS" start="2025-02-26T12:01:16.671761" elapsed="9.925320"/>
</kw>
<kw name="Scroll To Target And Capture">
<kw name="Wait Until Element Is Visible" owner="SeleniumLibrary">
<arg>xpath=/html/body/div/div[3]</arg>
<arg>timeout=10s</arg>
<doc>Waits until the element ``locator`` is visible.</doc>
<status status="PASS" start="2025-02-26T12:01:26.599365" elapsed="0.645161"/>
</kw>
<kw name="Execute Javascript" owner="SeleniumLibrary">
<msg time="2025-02-26T12:01:27.246012" level="INFO">Executing JavaScript:
return document.evaluate('/html/body/div/div[3]', document, null, XPathResult.FIRST_ORDERED_NODE_TYPE, null).singleNodeValue.getBoundingClientRect().top + window.scrollY - 100;
Without any arguments.</msg>
<msg time="2025-02-26T12:01:27.560473" level="INFO">${y_position} = 884.59375</msg>
<var>${y_position}</var>
<arg>return document.evaluate('/html/body/div/div[3]', document, null, XPathResult.FIRST_ORDERED_NODE_TYPE, null).singleNodeValue.getBoundingClientRect().top + window.scrollY - 100;</arg>
<doc>Executes the given JavaScript code with possible arguments.</doc>
<status status="PASS" start="2025-02-26T12:01:27.245040" elapsed="0.315548"/>
</kw>
<kw name="Execute Javascript" owner="SeleniumLibrary">
<msg time="2025-02-26T12:01:27.562007" level="INFO">Executing JavaScript:
window.scrollTo({ top: 884.59375, behavior: 'smooth' });
Without any arguments.</msg>
<arg>window.scrollTo({ top: ${y_position}, behavior: 'smooth' });</arg>
<doc>Executes the given JavaScript code with possible arguments.</doc>
<status status="PASS" start="2025-02-26T12:01:27.561025" elapsed="0.312742"/>
</kw>
<kw name="Sleep" owner="BuiltIn">
<msg time="2025-02-26T12:01:29.875290" level="INFO">Slept 2 seconds.</msg>
<arg>2s</arg>
<doc>Pauses the test executed for the given time.</doc>
<status status="PASS" start="2025-02-26T12:01:27.874582" elapsed="2.000985"/>
</kw>
<kw name="Capture Page Screenshot" owner="SeleniumLibrary">
<msg time="2025-02-26T12:01:30.446836" level="INFO" html="true">&lt;/td&gt;&lt;/tr&gt;&lt;tr&gt;&lt;td colspan="3"&gt;&lt;a href="th_test_page.png"&gt;&lt;img src="th_test_page.png" width="800px"&gt;&lt;/a&gt;</msg>
<arg>${screenshot_name}</arg>
<doc>Takes a screenshot of the current page and embeds it into a log file.</doc>
<status status="PASS" start="2025-02-26T12:01:29.875976" elapsed="0.571153"/>
</kw>
<arg>th_test_page.png</arg>
<status status="PASS" start="2025-02-26T12:01:26.598681" elapsed="3.848714"/>
</kw>
<kw name="Change Language To Chinese">
<kw name="Mouse Over" owner="SeleniumLibrary">
<msg time="2025-02-26T12:01:30.449457" level="INFO">Simulating Mouse Over on element 'xpath=//*[@id="navbarDropdownMenuLink"]'.</msg>
<arg>${LANG_DROPDOWN}</arg>
<doc>Simulates hovering the mouse over the element ``locator``.</doc>
<status status="PASS" start="2025-02-26T12:01:30.449038" elapsed="0.920084"/>
</kw>
<kw name="Sleep" owner="BuiltIn">
<msg time="2025-02-26T12:01:32.370322" level="INFO">Slept 1 second.</msg>
<arg>1s</arg>
<doc>Pauses the test executed for the given time.</doc>
<status status="PASS" start="2025-02-26T12:01:31.369600" elapsed="1.000997"/>
</kw>
<kw name="Click Element" owner="SeleniumLibrary">
<msg time="2025-02-26T12:01:32.371512" level="INFO">Clicking element 'xpath=//*[@id="navbarDropdownMenuLink"]'.</msg>
<arg>${LANG_DROPDOWN}</arg>
<doc>Click the element identified by ``locator``.</doc>
<status status="PASS" start="2025-02-26T12:01:32.370987" elapsed="0.740339"/>
</kw>
<kw name="Wait Until Element Is Visible" owner="SeleniumLibrary">
<arg>${CH_BUTTON}</arg>
<arg>timeout=5s</arg>
<doc>Waits until the element ``locator`` is visible.</doc>
<status status="PASS" start="2025-02-26T12:01:33.111865" elapsed="0.655639"/>
</kw>
<kw name="Click Element" owner="SeleniumLibrary">
<msg time="2025-02-26T12:01:33.768470" level="INFO">Clicking element 'xpath=//div[@class='dropdown-menu show']//a[contains(text(), '中文')]'.</msg>
<arg>${CH_BUTTON}</arg>
<doc>Click the element identified by ``locator``.</doc>
<status status="PASS" start="2025-02-26T12:01:33.767947" elapsed="3.394095"/>
</kw>
<kw name="Sleep" owner="BuiltIn">
<msg time="2025-02-26T12:01:40.163615" level="INFO">Slept 3 seconds.</msg>
<arg>3s</arg>
<doc>Pauses the test executed for the given time.</doc>
<status status="PASS" start="2025-02-26T12:01:37.162704" elapsed="3.001152"/>
</kw>
<status status="PASS" start="2025-02-26T12:01:30.448424" elapsed="9.715666"/>
</kw>
<kw name="Scroll To Target And Capture">
<kw name="Wait Until Element Is Visible" owner="SeleniumLibrary">
<arg>xpath=/html/body/div/div[3]</arg>
<arg>timeout=10s</arg>
<doc>Waits until the element ``locator`` is visible.</doc>
<status status="PASS" start="2025-02-26T12:01:40.165467" elapsed="0.642584"/>
</kw>
<kw name="Execute Javascript" owner="SeleniumLibrary">
<msg time="2025-02-26T12:01:40.809403" level="INFO">Executing JavaScript:
return document.evaluate('/html/body/div/div[3]', document, null, XPathResult.FIRST_ORDERED_NODE_TYPE, null).singleNodeValue.getBoundingClientRect().top + window.scrollY - 100;
Without any arguments.</msg>
<msg time="2025-02-26T12:01:41.122680" level="INFO">${y_position} = 884.59375</msg>
<var>${y_position}</var>
<arg>return document.evaluate('/html/body/div/div[3]', document, null, XPathResult.FIRST_ORDERED_NODE_TYPE, null).singleNodeValue.getBoundingClientRect().top + window.scrollY - 100;</arg>
<doc>Executes the given JavaScript code with possible arguments.</doc>
<status status="PASS" start="2025-02-26T12:01:40.808519" elapsed="0.314277"/>
</kw>
<kw name="Execute Javascript" owner="SeleniumLibrary">
<msg time="2025-02-26T12:01:41.124118" level="INFO">Executing JavaScript:
window.scrollTo({ top: 884.59375, behavior: 'smooth' });
Without any arguments.</msg>
<arg>window.scrollTo({ top: ${y_position}, behavior: 'smooth' });</arg>
<doc>Executes the given JavaScript code with possible arguments.</doc>
<status status="PASS" start="2025-02-26T12:01:41.123180" elapsed="0.317338"/>
</kw>
<kw name="Sleep" owner="BuiltIn">
<msg time="2025-02-26T12:01:43.442152" level="INFO">Slept 2 seconds.</msg>
<arg>2s</arg>
<doc>Pauses the test executed for the given time.</doc>
<status status="PASS" start="2025-02-26T12:01:41.440952" elapsed="2.001499"/>
</kw>
<kw name="Capture Page Screenshot" owner="SeleniumLibrary">
<msg time="2025-02-26T12:01:44.014967" level="INFO" html="true">&lt;/td&gt;&lt;/tr&gt;&lt;tr&gt;&lt;td colspan="3"&gt;&lt;a href="ch_test_page.png"&gt;&lt;img src="ch_test_page.png" width="800px"&gt;&lt;/a&gt;</msg>
<arg>${screenshot_name}</arg>
<doc>Takes a screenshot of the current page and embeds it into a log file.</doc>
<status status="PASS" start="2025-02-26T12:01:43.442949" elapsed="0.572297"/>
</kw>
<arg>ch_test_page.png</arg>
<status status="PASS" start="2025-02-26T12:01:40.164817" elapsed="3.850671"/>
</kw>
<kw name="Close Browser" owner="SeleniumLibrary">
<doc>Closes the current browser.</doc>
<status status="PASS" start="2025-02-26T12:01:44.016328" elapsed="2.609130"/>
</kw>
<status status="PASS" start="2025-02-26T12:01:04.859385" elapsed="41.767041"/>
</test>
<status status="PASS" start="2025-02-26T12:01:03.970368" elapsed="42.658372"/>
</suite>
<statistics>
<total>
<stat pass="1" fail="0" skip="0">All Tests</stat>
</total>
<tag>
</tag>
<suite>
<stat pass="1" fail="0" skip="0" id="s1" name="Language Switch Total Report">Language Switch Total Report</stat>
</suite>
</statistics>
<errors>
</errors>
</robot>
