<?xml version="1.0" encoding="UTF-8"?>
<robot generator="Robot 7.1.1 (Python 3.13.1 on win32)" generated="2025-02-26T11:58:08.517870" rpa="false" schemaversion="5">
<suite id="s1" name="Language Switch Test" source="C:\Users\franc\Desktop\se_67\git_sp2\git-group-repository-group-2-sec-2\Collect_sp2\UAT-001\language_switch_test.robot">
<test id="s1-t1" name="Test Switching Between All Languages" line="14">
<kw name="Open Browser" owner="SeleniumLibrary">
<msg time="2025-02-26T11:58:09.472760" level="INFO">Opening browser 'Chrome' to base url 'https://soften2sec267.cpkkuhost.com/'.</msg>
<arg>${URL}</arg>
<arg>${BROWSER}</arg>
<doc>Opens a new browser instance to the optional ``url``.</doc>
<status status="PASS" start="2025-02-26T11:58:09.471991" elapsed="10.744173"/>
</kw>
<kw name="Delete All Cookies" owner="SeleniumLibrary">
<doc>Deletes all cookies.</doc>
<status status="PASS" start="2025-02-26T11:58:20.217491" elapsed="0.031376"/>
</kw>
<kw name="Execute Javascript" owner="SeleniumLibrary">
<msg time="2025-02-26T11:58:20.250619" level="INFO">Executing JavaScript:
window.localStorage.clear();
Without any arguments.</msg>
<arg>window.localStorage.clear();</arg>
<doc>Executes the given JavaScript code with possible arguments.</doc>
<status status="PASS" start="2025-02-26T11:58:20.249623" elapsed="0.016829"/>
</kw>
<kw name="Execute Javascript" owner="SeleniumLibrary">
<msg time="2025-02-26T11:58:20.268282" level="INFO">Executing JavaScript:
window.sessionStorage.clear();
Without any arguments.</msg>
<arg>window.sessionStorage.clear();</arg>
<doc>Executes the given JavaScript code with possible arguments.</doc>
<status status="PASS" start="2025-02-26T11:58:20.267214" elapsed="0.015285"/>
</kw>
<kw name="Reload Page" owner="SeleniumLibrary">
<doc>Simulates user reloading page.</doc>
<status status="PASS" start="2025-02-26T11:58:20.283172" elapsed="0.982854"/>
</kw>
<kw name="Maximize Browser Window" owner="SeleniumLibrary">
<doc>Maximizes current browser window.</doc>
<status status="PASS" start="2025-02-26T11:58:21.266734" elapsed="0.067707"/>
</kw>
<kw name="Set Selenium Speed" owner="SeleniumLibrary">
<arg>0.3s</arg>
<doc>Sets the delay that is waited after each Selenium command.</doc>
<status status="PASS" start="2025-02-26T11:58:21.335683" elapsed="0.001160"/>
</kw>
<kw name="Change Language To Thai">
<kw name="Mouse Over" owner="SeleniumLibrary">
<msg time="2025-02-26T11:58:21.341719" level="INFO">Simulating Mouse Over on element 'xpath=//*[@id="navbarDropdownMenuLink"]'.</msg>
<arg>${LANG_DROPDOWN}</arg>
<doc>Simulates hovering the mouse over the element ``locator``.</doc>
<status status="PASS" start="2025-02-26T11:58:21.339234" elapsed="0.947594"/>
</kw>
<kw name="Sleep" owner="BuiltIn">
<msg time="2025-02-26T11:58:23.288317" level="INFO">Slept 1 second.</msg>
<arg>1s</arg>
<doc>Pauses the test executed for the given time.</doc>
<status status="PASS" start="2025-02-26T11:58:22.287285" elapsed="1.001278"/>
</kw>
<kw name="Click Element" owner="SeleniumLibrary">
<msg time="2025-02-26T11:58:23.289761" level="INFO">Clicking element 'xpath=//*[@id="navbarDropdownMenuLink"]'.</msg>
<arg>${LANG_DROPDOWN}</arg>
<doc>Click the element identified by ``locator``.</doc>
<status status="PASS" start="2025-02-26T11:58:23.289081" elapsed="0.813343"/>
</kw>
<kw name="Wait Until Element Is Visible" owner="SeleniumLibrary">
<arg>${TH_BUTTON}</arg>
<arg>timeout=5s</arg>
<doc>Waits until the element ``locator`` is visible.</doc>
<status status="PASS" start="2025-02-26T11:58:24.102891" elapsed="0.848688"/>
</kw>
<kw name="Click Element" owner="SeleniumLibrary">
<msg time="2025-02-26T11:58:24.952614" level="INFO">Clicking element 'xpath=//div[@class='dropdown-menu show']//a[contains(text(), 'ไทย')]'.</msg>
<arg>${TH_BUTTON}</arg>
<doc>Click the element identified by ``locator``.</doc>
<status status="PASS" start="2025-02-26T11:58:24.952054" elapsed="2.094790"/>
</kw>
<kw name="Sleep" owner="BuiltIn">
<msg time="2025-02-26T11:58:30.047946" level="INFO">Slept 3 seconds.</msg>
<arg>3s</arg>
<doc>Pauses the test executed for the given time.</doc>
<status status="PASS" start="2025-02-26T11:58:27.047329" elapsed="3.000899"/>
</kw>
<status status="PASS" start="2025-02-26T11:58:21.338084" elapsed="8.710482"/>
</kw>
<kw name="Reload Page" owner="SeleniumLibrary">
<doc>Simulates user reloading page.</doc>
<status status="PASS" start="2025-02-26T11:58:30.049599" elapsed="1.272082"/>
</kw>
<kw name="Get Text" owner="SeleniumLibrary">
<msg time="2025-02-26T11:58:31.991476" level="INFO">${text} = ไทย</msg>
<var>${text}</var>
<arg>${LANG_DROPDOWN}</arg>
<doc>Returns the text value of the element identified by ``locator``.</doc>
<status status="PASS" start="2025-02-26T11:58:31.323256" elapsed="0.668350"/>
</kw>
<kw name="Log" owner="BuiltIn">
<msg time="2025-02-26T11:58:31.993244" level="INFO">Current language: ไทย</msg>
<arg>Current language: ${text}</arg>
<doc>Logs the given message with the given level.</doc>
<status status="PASS" start="2025-02-26T11:58:31.992697" elapsed="0.000695"/>
</kw>
<kw name="Capture Page Screenshot" owner="SeleniumLibrary">
<msg time="2025-02-26T11:58:32.743204" level="INFO" html="true">&lt;/td&gt;&lt;/tr&gt;&lt;tr&gt;&lt;td colspan="3"&gt;&lt;a href="th_page.png"&gt;&lt;img src="th_page.png" width="800px"&gt;&lt;/a&gt;</msg>
<arg>th_page.png</arg>
<doc>Takes a screenshot of the current page and embeds it into a log file.</doc>
<status status="PASS" start="2025-02-26T11:58:31.994003" elapsed="0.749480"/>
</kw>
<kw name="Change Language To English">
<kw name="Mouse Over" owner="SeleniumLibrary">
<msg time="2025-02-26T11:58:32.745577" level="INFO">Simulating Mouse Over on element 'xpath=//*[@id="navbarDropdownMenuLink"]'.</msg>
<arg>${LANG_DROPDOWN}</arg>
<doc>Simulates hovering the mouse over the element ``locator``.</doc>
<status status="PASS" start="2025-02-26T11:58:32.745098" elapsed="0.910756"/>
</kw>
<kw name="Sleep" owner="BuiltIn">
<msg time="2025-02-26T11:58:34.656948" level="INFO">Slept 1 second.</msg>
<arg>1s</arg>
<doc>Pauses the test executed for the given time.</doc>
<status status="PASS" start="2025-02-26T11:58:33.656343" elapsed="1.000845"/>
</kw>
<kw name="Click Element" owner="SeleniumLibrary">
<msg time="2025-02-26T11:58:34.658207" level="INFO">Clicking element 'xpath=//*[@id="navbarDropdownMenuLink"]'.</msg>
<arg>${LANG_DROPDOWN}</arg>
<doc>Click the element identified by ``locator``.</doc>
<status status="PASS" start="2025-02-26T11:58:34.657580" elapsed="0.743949"/>
</kw>
<kw name="Wait Until Element Is Visible" owner="SeleniumLibrary">
<arg>${EN_BUTTON}</arg>
<arg>timeout=5s</arg>
<doc>Waits until the element ``locator`` is visible.</doc>
<status status="PASS" start="2025-02-26T11:58:35.402056" elapsed="0.659297"/>
</kw>
<kw name="Click Element" owner="SeleniumLibrary">
<msg time="2025-02-26T11:58:36.062353" level="INFO">Clicking element 'xpath=//div[@class='dropdown-menu show']//a[contains(text(), 'English')]'.</msg>
<arg>${EN_BUTTON}</arg>
<doc>Click the element identified by ``locator``.</doc>
<status status="PASS" start="2025-02-26T11:58:36.061828" elapsed="3.218337"/>
</kw>
<kw name="Sleep" owner="BuiltIn">
<msg time="2025-02-26T11:58:42.281779" level="INFO">Slept 3 seconds.</msg>
<arg>3s</arg>
<doc>Pauses the test executed for the given time.</doc>
<status status="PASS" start="2025-02-26T11:58:39.280765" elapsed="3.001267"/>
</kw>
<status status="PASS" start="2025-02-26T11:58:32.744453" elapsed="9.537865"/>
</kw>
<kw name="Reload Page" owner="SeleniumLibrary">
<doc>Simulates user reloading page.</doc>
<status status="PASS" start="2025-02-26T11:58:42.283160" elapsed="1.250254"/>
</kw>
<kw name="Get Text" owner="SeleniumLibrary">
<msg time="2025-02-26T11:58:44.189270" level="INFO">${text} = ENGLISH</msg>
<var>${text}</var>
<arg>${LANG_DROPDOWN}</arg>
<doc>Returns the text value of the element identified by ``locator``.</doc>
<status status="PASS" start="2025-02-26T11:58:43.534257" elapsed="0.655142"/>
</kw>
<kw name="Log" owner="BuiltIn">
<msg time="2025-02-26T11:58:44.190727" level="INFO">Current language: ENGLISH</msg>
<arg>Current language: ${text}</arg>
<doc>Logs the given message with the given level.</doc>
<status status="PASS" start="2025-02-26T11:58:44.190301" elapsed="0.000964"/>
</kw>
<kw name="Capture Page Screenshot" owner="SeleniumLibrary">
<msg time="2025-02-26T11:58:44.936069" level="INFO" html="true">&lt;/td&gt;&lt;/tr&gt;&lt;tr&gt;&lt;td colspan="3"&gt;&lt;a href="en_page.png"&gt;&lt;img src="en_page.png" width="800px"&gt;&lt;/a&gt;</msg>
<arg>en_page.png</arg>
<doc>Takes a screenshot of the current page and embeds it into a log file.</doc>
<status status="PASS" start="2025-02-26T11:58:44.192003" elapsed="0.744348"/>
</kw>
<kw name="Change Language To Chinese">
<kw name="Mouse Over" owner="SeleniumLibrary">
<msg time="2025-02-26T11:58:44.938605" level="INFO">Simulating Mouse Over on element 'xpath=//*[@id="navbarDropdownMenuLink"]'.</msg>
<arg>${LANG_DROPDOWN}</arg>
<doc>Simulates hovering the mouse over the element ``locator``.</doc>
<status status="PASS" start="2025-02-26T11:58:44.938086" elapsed="0.911533"/>
</kw>
<kw name="Sleep" owner="BuiltIn">
<msg time="2025-02-26T11:58:46.850947" level="INFO">Slept 1 second.</msg>
<arg>1s</arg>
<doc>Pauses the test executed for the given time.</doc>
<status status="PASS" start="2025-02-26T11:58:45.850120" elapsed="1.001088"/>
</kw>
<kw name="Click Element" owner="SeleniumLibrary">
<msg time="2025-02-26T11:58:46.852164" level="INFO">Clicking element 'xpath=//*[@id="navbarDropdownMenuLink"]'.</msg>
<arg>${LANG_DROPDOWN}</arg>
<doc>Click the element identified by ``locator``.</doc>
<status status="PASS" start="2025-02-26T11:58:46.851662" elapsed="0.730157"/>
</kw>
<kw name="Wait Until Element Is Visible" owner="SeleniumLibrary">
<arg>${CH_BUTTON}</arg>
<arg>timeout=5s</arg>
<doc>Waits until the element ``locator`` is visible.</doc>
<status status="PASS" start="2025-02-26T11:58:47.582293" elapsed="0.657000"/>
</kw>
<kw name="Click Element" owner="SeleniumLibrary">
<msg time="2025-02-26T11:58:48.240309" level="INFO">Clicking element 'xpath=//div[@class='dropdown-menu show']//a[contains(text(), '中文')]'.</msg>
<arg>${CH_BUTTON}</arg>
<doc>Click the element identified by ``locator``.</doc>
<status status="PASS" start="2025-02-26T11:58:48.239756" elapsed="4.001391"/>
</kw>
<kw name="Sleep" owner="BuiltIn">
<msg time="2025-02-26T11:58:55.242413" level="INFO">Slept 3 seconds.</msg>
<arg>3s</arg>
<doc>Pauses the test executed for the given time.</doc>
<status status="PASS" start="2025-02-26T11:58:52.241593" elapsed="3.001068"/>
</kw>
<status status="PASS" start="2025-02-26T11:58:44.937389" elapsed="10.305512"/>
</kw>
<kw name="Reload Page" owner="SeleniumLibrary">
<doc>Simulates user reloading page.</doc>
<status status="PASS" start="2025-02-26T11:58:55.243647" elapsed="1.160650"/>
</kw>
<kw name="Get Text" owner="SeleniumLibrary">
<msg time="2025-02-26T11:58:57.059018" level="INFO">${text} = 中文</msg>
<var>${text}</var>
<arg>${LANG_DROPDOWN}</arg>
<doc>Returns the text value of the element identified by ``locator``.</doc>
<status status="PASS" start="2025-02-26T11:58:56.405235" elapsed="0.653908"/>
</kw>
<kw name="Log" owner="BuiltIn">
<msg time="2025-02-26T11:58:57.060521" level="INFO">Current language: 中文</msg>
<arg>Current language: ${text}</arg>
<doc>Logs the given message with the given level.</doc>
<status status="PASS" start="2025-02-26T11:58:57.060045" elapsed="0.000606"/>
</kw>
<kw name="Capture Page Screenshot" owner="SeleniumLibrary">
<msg time="2025-02-26T11:58:57.801462" level="INFO" html="true">&lt;/td&gt;&lt;/tr&gt;&lt;tr&gt;&lt;td colspan="3"&gt;&lt;a href="ch_page.png"&gt;&lt;img src="ch_page.png" width="800px"&gt;&lt;/a&gt;</msg>
<arg>ch_page.png</arg>
<doc>Takes a screenshot of the current page and embeds it into a log file.</doc>
<status status="PASS" start="2025-02-26T11:58:57.061365" elapsed="0.740359"/>
</kw>
<kw name="Close Browser" owner="SeleniumLibrary">
<doc>Closes the current browser.</doc>
<status status="PASS" start="2025-02-26T11:58:57.802530" elapsed="2.631706"/>
</kw>
<status status="PASS" start="2025-02-26T11:58:09.469042" elapsed="50.965954"/>
</test>
<status status="PASS" start="2025-02-26T11:58:08.522422" elapsed="51.914744"/>
</suite>
<statistics>
<total>
<stat pass="1" fail="0" skip="0">All Tests</stat>
</total>
<tag>
</tag>
<suite>
<stat pass="1" fail="0" skip="0" id="s1" name="Language Switch Test">Language Switch Test</stat>
</suite>
</statistics>
<errors>
</errors>
</robot>
