<?xml version="1.0" encoding="UTF-8"?>
<robot generator="Robot 7.2.2 (Python 3.12.3 on linux)" generated="2025-02-12T12:09:50.245668" rpa="false" schemaversion="5">
<suite id="s1" name="Researchers test" source="/home/mean/Desktop/git-group-repository-group-2-sec-2/test_uat/Researchers_test.robot">
<test id="s1-t1" name="Click Researchers Menu and Browse Profiles" line="9">
<kw name="Open Browser" owner="SeleniumLibrary">
<msg time="2025-02-12T12:09:50.388421" level="INFO">Opening browser 'Edge' to base url 'http://127.0.0.1:8000/'.</msg>
<arg>${URL}</arg>
<arg>${BROWSER}</arg>
<doc>Opens a new browser instance to the optional ``url``.</doc>
<status status="PASS" start="2025-02-12T12:09:50.388037" elapsed="2.820288"/>
</kw>
<kw name="Maximize Browser Window" owner="SeleniumLibrary">
<doc>Maximizes current browser window.</doc>
<status status="PASS" start="2025-02-12T12:09:53.208736" elapsed="0.145984"/>
</kw>
<kw name="Sleep" owner="BuiltIn">
<msg time="2025-02-12T12:09:55.356546" level="INFO">Slept 2 seconds.</msg>
<arg>2s</arg>
<doc>Pauses the test executed for the given time.</doc>
<status status="PASS" start="2025-02-12T12:09:53.355542" elapsed="2.001243"/>
</kw>
<kw name="Execute Javascript" owner="SeleniumLibrary">
<msg time="2025-02-12T12:09:55.358193" level="INFO">Executing JavaScript:
document.querySelector("a[data-bs-toggle='dropdown']").click()
Without any arguments.</msg>
<arg>document.querySelector("a[data-bs-toggle='dropdown']").click()</arg>
<doc>Executes the given JavaScript code with possible arguments.</doc>
<status status="PASS" start="2025-02-12T12:09:55.357275" elapsed="0.035279"/>
</kw>
<kw name="Sleep" owner="BuiltIn">
<msg time="2025-02-12T12:09:57.393758" level="INFO">Slept 2 seconds.</msg>
<arg>2s</arg>
<doc>Pauses the test executed for the given time.</doc>
<status status="PASS" start="2025-02-12T12:09:55.393109" elapsed="2.000922"/>
</kw>
<kw name="Click Element" owner="SeleniumLibrary">
<msg time="2025-02-12T12:09:57.395482" level="INFO">Clicking element 'xpath=//ul[contains(@class, 'dropdown-menu show')]//a[contains(text(), 'Computer Science')]'.</msg>
<arg>xpath=//ul[contains(@class, 'dropdown-menu show')]//a[contains(text(), 'Computer Science')]</arg>
<doc>Click the element identified by ``locator``.</doc>
<status status="PASS" start="2025-02-12T12:09:57.394602" elapsed="0.712176"/>
</kw>
<kw name="Sleep" owner="BuiltIn">
<msg time="2025-02-12T12:10:01.107905" level="INFO">Slept 3 seconds.</msg>
<arg>3s</arg>
<doc>Pauses the test executed for the given time.</doc>
<status status="PASS" start="2025-02-12T12:09:58.107321" elapsed="3.000858"/>
</kw>
<kw name="Capture Page Screenshot" owner="SeleniumLibrary">
<msg time="2025-02-12T12:10:01.301443" level="INFO" html="true">&lt;/td&gt;&lt;/tr&gt;&lt;tr&gt;&lt;td colspan="3"&gt;&lt;a href="selenium-screenshot-156.png"&gt;&lt;img src="selenium-screenshot-156.png" width="800px"&gt;&lt;/a&gt;</msg>
<doc>Takes a screenshot of the current page and embeds it into a log file.</doc>
<status status="PASS" start="2025-02-12T12:10:01.108687" elapsed="0.192971"/>
</kw>
<kw name="Scroll Element Into View" owner="SeleniumLibrary">
<arg>xpath=(//div[contains(@class, 'card-body')])[1]</arg>
<doc>Scrolls the element identified by ``locator`` into view.</doc>
<status status="PASS" start="2025-02-12T12:10:01.302100" elapsed="0.303386"/>
</kw>
<kw name="Sleep" owner="BuiltIn">
<msg time="2025-02-12T12:10:03.606590" level="INFO">Slept 2 seconds.</msg>
<arg>2s</arg>
<doc>Pauses the test executed for the given time.</doc>
<status status="PASS" start="2025-02-12T12:10:01.606042" elapsed="2.000763"/>
</kw>
<kw name="Wait Until Element Is Visible" owner="SeleniumLibrary">
<arg>xpath=(//div[contains(@class, 'card-body')])[1]</arg>
<arg>5s</arg>
<doc>Waits until the element ``locator`` is visible.</doc>
<status status="PASS" start="2025-02-12T12:10:03.607329" elapsed="0.031548"/>
</kw>
<kw name="Click Element" owner="SeleniumLibrary">
<msg time="2025-02-12T12:10:03.639802" level="INFO">Clicking element 'xpath=(//div[contains(@class, 'card-body')])[1]'.</msg>
<arg>xpath=(//div[contains(@class, 'card-body')])[1]</arg>
<doc>Click the element identified by ``locator``.</doc>
<status status="PASS" start="2025-02-12T12:10:03.639362" elapsed="1.433121"/>
</kw>
<kw name="Sleep" owner="BuiltIn">
<msg time="2025-02-12T12:10:08.073903" level="INFO">Slept 3 seconds.</msg>
<arg>3s</arg>
<doc>Pauses the test executed for the given time.</doc>
<status status="PASS" start="2025-02-12T12:10:05.073108" elapsed="3.001232"/>
</kw>
<kw name="Capture Page Screenshot" owner="SeleniumLibrary">
<msg time="2025-02-12T12:10:08.231695" level="INFO" html="true">&lt;/td&gt;&lt;/tr&gt;&lt;tr&gt;&lt;td colspan="3"&gt;&lt;a href="selenium-screenshot-157.png"&gt;&lt;img src="selenium-screenshot-157.png" width="800px"&gt;&lt;/a&gt;</msg>
<doc>Takes a screenshot of the current page and embeds it into a log file.</doc>
<status status="PASS" start="2025-02-12T12:10:08.074919" elapsed="0.157108"/>
</kw>
<kw name="Get WebElements" owner="SeleniumLibrary">
<msg time="2025-02-12T12:10:08.252679" level="INFO">${tabs} = [&lt;selenium.webdriver.remote.webelement.WebElement (session="51c50bb8b515f8895ffdd403e625e401", element="f.37F7B33F28856F73FE49C9AFFAE2C188.d.CC44C7E4D146C9B3797167805FFE81DC.e.116")&gt;, &lt;selenium.webdri...</msg>
<var>${tabs}</var>
<arg>xpath=//ul[@class='nav nav-tabs']/li/button</arg>
<doc>Returns a list of WebElement objects matching the ``locator``.</doc>
<status status="PASS" start="2025-02-12T12:10:08.232525" elapsed="0.020228"/>
</kw>
<for flavor="IN">
<iter>
<kw name="Scroll Element Into View" owner="SeleniumLibrary">
<arg>${tab}</arg>
<doc>Scrolls the element identified by ``locator`` into view.</doc>
<status status="PASS" start="2025-02-12T12:10:08.253810" elapsed="0.265739"/>
</kw>
<kw name="Click Element" owner="SeleniumLibrary">
<msg time="2025-02-12T12:10:08.520597" level="INFO">Clicking element '&lt;selenium.webdriver.remote.webelement.WebElement (session="51c50bb8b515f8895ffdd403e625e401", element="f.37F7B33F28856F73FE49C9AFFAE2C188.d.CC44C7E4D146C9B3797167805FFE81DC.e.116")&gt;'.</msg>
<arg>${tab}</arg>
<doc>Click the element identified by ``locator``.</doc>
<status status="PASS" start="2025-02-12T12:10:08.519992" elapsed="0.117884"/>
</kw>
<kw name="Sleep" owner="BuiltIn">
<msg time="2025-02-12T12:10:10.638821" level="INFO">Slept 2 seconds.</msg>
<arg>2s</arg>
<doc>Pauses the test executed for the given time.</doc>
<status status="PASS" start="2025-02-12T12:10:08.638271" elapsed="2.000801"/>
</kw>
<kw name="Capture Page Screenshot" owner="SeleniumLibrary">
<msg time="2025-02-12T12:10:10.830797" level="INFO" html="true">&lt;/td&gt;&lt;/tr&gt;&lt;tr&gt;&lt;td colspan="3"&gt;&lt;a href="selenium-screenshot-158.png"&gt;&lt;img src="selenium-screenshot-158.png" width="800px"&gt;&lt;/a&gt;</msg>
<doc>Takes a screenshot of the current page and embeds it into a log file.</doc>
<status status="PASS" start="2025-02-12T12:10:10.639515" elapsed="0.191447"/>
</kw>
<var name="${tab}">&lt;selenium.webdriver.remote.webelement.WebElement (session="51c50bb8b515f8895ffdd403e625e401", element="f.37F7B33F28856F73FE49C9AFFAE2C188.d.CC44C7E4D146C9B3797167805FFE81DC.e.116")&gt;</var>
<status status="PASS" start="2025-02-12T12:10:08.253543" elapsed="2.577536"/>
</iter>
<iter>
<kw name="Scroll Element Into View" owner="SeleniumLibrary">
<arg>${tab}</arg>
<doc>Scrolls the element identified by ``locator`` into view.</doc>
<status status="PASS" start="2025-02-12T12:10:10.831512" elapsed="0.263904"/>
</kw>
<kw name="Click Element" owner="SeleniumLibrary">
<msg time="2025-02-12T12:10:11.095899" level="INFO">Clicking element '&lt;selenium.webdriver.remote.webelement.WebElement (session="51c50bb8b515f8895ffdd403e625e401", element="f.37F7B33F28856F73FE49C9AFFAE2C188.d.CC44C7E4D146C9B3797167805FFE81DC.e.117")&gt;'.</msg>
<arg>${tab}</arg>
<doc>Click the element identified by ``locator``.</doc>
<status status="PASS" start="2025-02-12T12:10:11.095633" elapsed="0.112000"/>
</kw>
<kw name="Sleep" owner="BuiltIn">
<msg time="2025-02-12T12:10:13.208245" level="INFO">Slept 2 seconds.</msg>
<arg>2s</arg>
<doc>Pauses the test executed for the given time.</doc>
<status status="PASS" start="2025-02-12T12:10:11.207869" elapsed="2.000576"/>
</kw>
<kw name="Capture Page Screenshot" owner="SeleniumLibrary">
<msg time="2025-02-12T12:10:13.347004" level="INFO" html="true">&lt;/td&gt;&lt;/tr&gt;&lt;tr&gt;&lt;td colspan="3"&gt;&lt;a href="selenium-screenshot-159.png"&gt;&lt;img src="selenium-screenshot-159.png" width="800px"&gt;&lt;/a&gt;</msg>
<doc>Takes a screenshot of the current page and embeds it into a log file.</doc>
<status status="PASS" start="2025-02-12T12:10:13.208893" elapsed="0.138317"/>
</kw>
<var name="${tab}">&lt;selenium.webdriver.remote.webelement.WebElement (session="51c50bb8b515f8895ffdd403e625e401", element="f.37F7B33F28856F73FE49C9AFFAE2C188.d.CC44C7E4D146C9B3797167805FFE81DC.e.117")&gt;</var>
<status status="PASS" start="2025-02-12T12:10:10.831326" elapsed="2.516024"/>
</iter>
<iter>
<kw name="Scroll Element Into View" owner="SeleniumLibrary">
<arg>${tab}</arg>
<doc>Scrolls the element identified by ``locator`` into view.</doc>
<status status="PASS" start="2025-02-12T12:10:13.348034" elapsed="0.268723"/>
</kw>
<kw name="Click Element" owner="SeleniumLibrary">
<msg time="2025-02-12T12:10:13.617813" level="INFO">Clicking element '&lt;selenium.webdriver.remote.webelement.WebElement (session="51c50bb8b515f8895ffdd403e625e401", element="f.37F7B33F28856F73FE49C9AFFAE2C188.d.CC44C7E4D146C9B3797167805FFE81DC.e.118")&gt;'.</msg>
<arg>${tab}</arg>
<doc>Click the element identified by ``locator``.</doc>
<status status="PASS" start="2025-02-12T12:10:13.617204" elapsed="0.127054"/>
</kw>
<kw name="Sleep" owner="BuiltIn">
<msg time="2025-02-12T12:10:15.745271" level="INFO">Slept 2 seconds.</msg>
<arg>2s</arg>
<doc>Pauses the test executed for the given time.</doc>
<status status="PASS" start="2025-02-12T12:10:13.744673" elapsed="2.000829"/>
</kw>
<kw name="Capture Page Screenshot" owner="SeleniumLibrary">
<msg time="2025-02-12T12:10:15.928377" level="INFO" html="true">&lt;/td&gt;&lt;/tr&gt;&lt;tr&gt;&lt;td colspan="3"&gt;&lt;a href="selenium-screenshot-160.png"&gt;&lt;img src="selenium-screenshot-160.png" width="800px"&gt;&lt;/a&gt;</msg>
<doc>Takes a screenshot of the current page and embeds it into a log file.</doc>
<status status="PASS" start="2025-02-12T12:10:15.745860" elapsed="0.182655"/>
</kw>
<var name="${tab}">&lt;selenium.webdriver.remote.webelement.WebElement (session="51c50bb8b515f8895ffdd403e625e401", element="f.37F7B33F28856F73FE49C9AFFAE2C188.d.CC44C7E4D146C9B3797167805FFE81DC.e.118")&gt;</var>
<status status="PASS" start="2025-02-12T12:10:13.347705" elapsed="2.580898"/>
</iter>
<iter>
<kw name="Scroll Element Into View" owner="SeleniumLibrary">
<arg>${tab}</arg>
<doc>Scrolls the element identified by ``locator`` into view.</doc>
<status status="PASS" start="2025-02-12T12:10:15.928942" elapsed="0.266123"/>
</kw>
<kw name="Click Element" owner="SeleniumLibrary">
<msg time="2025-02-12T12:10:16.196065" level="INFO">Clicking element '&lt;selenium.webdriver.remote.webelement.WebElement (session="51c50bb8b515f8895ffdd403e625e401", element="f.37F7B33F28856F73FE49C9AFFAE2C188.d.CC44C7E4D146C9B3797167805FFE81DC.e.119")&gt;'.</msg>
<arg>${tab}</arg>
<doc>Click the element identified by ``locator``.</doc>
<status status="PASS" start="2025-02-12T12:10:16.195491" elapsed="0.121351"/>
</kw>
<kw name="Sleep" owner="BuiltIn">
<msg time="2025-02-12T12:10:18.318064" level="INFO">Slept 2 seconds.</msg>
<arg>2s</arg>
<doc>Pauses the test executed for the given time.</doc>
<status status="PASS" start="2025-02-12T12:10:16.317296" elapsed="2.001035"/>
</kw>
<kw name="Capture Page Screenshot" owner="SeleniumLibrary">
<msg time="2025-02-12T12:10:18.496952" level="INFO" html="true">&lt;/td&gt;&lt;/tr&gt;&lt;tr&gt;&lt;td colspan="3"&gt;&lt;a href="selenium-screenshot-161.png"&gt;&lt;img src="selenium-screenshot-161.png" width="800px"&gt;&lt;/a&gt;</msg>
<doc>Takes a screenshot of the current page and embeds it into a log file.</doc>
<status status="PASS" start="2025-02-12T12:10:18.318772" elapsed="0.178325"/>
</kw>
<var name="${tab}">&lt;selenium.webdriver.remote.webelement.WebElement (session="51c50bb8b515f8895ffdd403e625e401", element="f.37F7B33F28856F73FE49C9AFFAE2C188.d.CC44C7E4D146C9B3797167805FFE81DC.e.119")&gt;</var>
<status status="PASS" start="2025-02-12T12:10:15.928797" elapsed="2.568385"/>
</iter>
<iter>
<kw name="Scroll Element Into View" owner="SeleniumLibrary">
<arg>${tab}</arg>
<doc>Scrolls the element identified by ``locator`` into view.</doc>
<status status="PASS" start="2025-02-12T12:10:18.497534" elapsed="0.265062"/>
</kw>
<kw name="Click Element" owner="SeleniumLibrary">
<msg time="2025-02-12T12:10:18.763576" level="INFO">Clicking element '&lt;selenium.webdriver.remote.webelement.WebElement (session="51c50bb8b515f8895ffdd403e625e401", element="f.37F7B33F28856F73FE49C9AFFAE2C188.d.CC44C7E4D146C9B3797167805FFE81DC.e.120")&gt;'.</msg>
<arg>${tab}</arg>
<doc>Click the element identified by ``locator``.</doc>
<status status="PASS" start="2025-02-12T12:10:18.763030" elapsed="0.123034"/>
</kw>
<kw name="Sleep" owner="BuiltIn">
<msg time="2025-02-12T12:10:20.887239" level="INFO">Slept 2 seconds.</msg>
<arg>2s</arg>
<doc>Pauses the test executed for the given time.</doc>
<status status="PASS" start="2025-02-12T12:10:18.886559" elapsed="2.000913"/>
</kw>
<kw name="Capture Page Screenshot" owner="SeleniumLibrary">
<msg time="2025-02-12T12:10:21.064200" level="INFO" html="true">&lt;/td&gt;&lt;/tr&gt;&lt;tr&gt;&lt;td colspan="3"&gt;&lt;a href="selenium-screenshot-162.png"&gt;&lt;img src="selenium-screenshot-162.png" width="800px"&gt;&lt;/a&gt;</msg>
<doc>Takes a screenshot of the current page and embeds it into a log file.</doc>
<status status="PASS" start="2025-02-12T12:10:20.887826" elapsed="0.176596"/>
</kw>
<var name="${tab}">&lt;selenium.webdriver.remote.webelement.WebElement (session="51c50bb8b515f8895ffdd403e625e401", element="f.37F7B33F28856F73FE49C9AFFAE2C188.d.CC44C7E4D146C9B3797167805FFE81DC.e.120")&gt;</var>
<status status="PASS" start="2025-02-12T12:10:18.497386" elapsed="2.567188"/>
</iter>
<iter>
<kw name="Scroll Element Into View" owner="SeleniumLibrary">
<arg>${tab}</arg>
<doc>Scrolls the element identified by ``locator`` into view.</doc>
<status status="PASS" start="2025-02-12T12:10:21.065233" elapsed="0.268817"/>
</kw>
<kw name="Click Element" owner="SeleniumLibrary">
<msg time="2025-02-12T12:10:21.335048" level="INFO">Clicking element '&lt;selenium.webdriver.remote.webelement.WebElement (session="51c50bb8b515f8895ffdd403e625e401", element="f.37F7B33F28856F73FE49C9AFFAE2C188.d.CC44C7E4D146C9B3797167805FFE81DC.e.121")&gt;'.</msg>
<arg>${tab}</arg>
<doc>Click the element identified by ``locator``.</doc>
<status status="PASS" start="2025-02-12T12:10:21.334520" elapsed="0.121677"/>
</kw>
<kw name="Sleep" owner="BuiltIn">
<msg time="2025-02-12T12:10:23.457324" level="INFO">Slept 2 seconds.</msg>
<arg>2s</arg>
<doc>Pauses the test executed for the given time.</doc>
<status status="PASS" start="2025-02-12T12:10:21.456637" elapsed="2.000934"/>
</kw>
<kw name="Capture Page Screenshot" owner="SeleniumLibrary">
<msg time="2025-02-12T12:10:23.618009" level="INFO" html="true">&lt;/td&gt;&lt;/tr&gt;&lt;tr&gt;&lt;td colspan="3"&gt;&lt;a href="selenium-screenshot-163.png"&gt;&lt;img src="selenium-screenshot-163.png" width="800px"&gt;&lt;/a&gt;</msg>
<doc>Takes a screenshot of the current page and embeds it into a log file.</doc>
<status status="PASS" start="2025-02-12T12:10:23.458015" elapsed="0.160205"/>
</kw>
<var name="${tab}">&lt;selenium.webdriver.remote.webelement.WebElement (session="51c50bb8b515f8895ffdd403e625e401", element="f.37F7B33F28856F73FE49C9AFFAE2C188.d.CC44C7E4D146C9B3797167805FFE81DC.e.121")&gt;</var>
<status status="PASS" start="2025-02-12T12:10:21.064942" elapsed="2.553415"/>
</iter>
<iter>
<kw name="Scroll Element Into View" owner="SeleniumLibrary">
<arg>${tab}</arg>
<doc>Scrolls the element identified by ``locator`` into view.</doc>
<status status="PASS" start="2025-02-12T12:10:23.618980" elapsed="0.264981"/>
</kw>
<kw name="Click Element" owner="SeleniumLibrary">
<msg time="2025-02-12T12:10:23.884958" level="INFO">Clicking element '&lt;selenium.webdriver.remote.webelement.WebElement (session="51c50bb8b515f8895ffdd403e625e401", element="f.37F7B33F28856F73FE49C9AFFAE2C188.d.CC44C7E4D146C9B3797167805FFE81DC.e.122")&gt;'.</msg>
<arg>${tab}</arg>
<doc>Click the element identified by ``locator``.</doc>
<status status="PASS" start="2025-02-12T12:10:23.884410" elapsed="0.121499"/>
</kw>
<kw name="Sleep" owner="BuiltIn">
<msg time="2025-02-12T12:10:26.007075" level="INFO">Slept 2 seconds.</msg>
<arg>2s</arg>
<doc>Pauses the test executed for the given time.</doc>
<status status="PASS" start="2025-02-12T12:10:24.006387" elapsed="2.000935"/>
</kw>
<kw name="Capture Page Screenshot" owner="SeleniumLibrary">
<msg time="2025-02-12T12:10:26.188108" level="INFO" html="true">&lt;/td&gt;&lt;/tr&gt;&lt;tr&gt;&lt;td colspan="3"&gt;&lt;a href="selenium-screenshot-164.png"&gt;&lt;img src="selenium-screenshot-164.png" width="800px"&gt;&lt;/a&gt;</msg>
<doc>Takes a screenshot of the current page and embeds it into a log file.</doc>
<status status="PASS" start="2025-02-12T12:10:26.007717" elapsed="0.180605"/>
</kw>
<var name="${tab}">&lt;selenium.webdriver.remote.webelement.WebElement (session="51c50bb8b515f8895ffdd403e625e401", element="f.37F7B33F28856F73FE49C9AFFAE2C188.d.CC44C7E4D146C9B3797167805FFE81DC.e.122")&gt;</var>
<status status="PASS" start="2025-02-12T12:10:23.618694" elapsed="2.569774"/>
</iter>
<var>${tab}</var>
<value>@{tabs}</value>
<status status="PASS" start="2025-02-12T12:10:08.253024" elapsed="17.935593"/>
</for>
<kw name="Click Element" owner="SeleniumLibrary">
<msg time="2025-02-12T12:10:26.189594" level="INFO">Clicking element 'xpath=//a[@data-bs-toggle='dropdown']'.</msg>
<arg>xpath=//a[@data-bs-toggle='dropdown']</arg>
<doc>Click the element identified by ``locator``.</doc>
<status status="PASS" start="2025-02-12T12:10:26.189133" elapsed="0.137107"/>
</kw>
<kw name="Sleep" owner="BuiltIn">
<msg time="2025-02-12T12:10:29.327312" level="INFO">Slept 3 seconds.</msg>
<arg>3s</arg>
<doc>Pauses the test executed for the given time.</doc>
<status status="PASS" start="2025-02-12T12:10:26.326708" elapsed="3.000856"/>
</kw>
<kw name="Capture Page Screenshot" owner="SeleniumLibrary">
<msg time="2025-02-12T12:10:29.511805" level="INFO" html="true">&lt;/td&gt;&lt;/tr&gt;&lt;tr&gt;&lt;td colspan="3"&gt;&lt;a href="selenium-screenshot-165.png"&gt;&lt;img src="selenium-screenshot-165.png" width="800px"&gt;&lt;/a&gt;</msg>
<doc>Takes a screenshot of the current page and embeds it into a log file.</doc>
<status status="PASS" start="2025-02-12T12:10:29.328122" elapsed="0.183807"/>
</kw>
<kw name="Execute Javascript" owner="SeleniumLibrary">
<msg time="2025-02-12T12:10:29.512672" level="INFO">Executing JavaScript:
document.querySelector("a[data-bs-toggle='dropdown']").click()
Without any arguments.</msg>
<arg>document.querySelector("a[data-bs-toggle='dropdown']").click()</arg>
<doc>Executes the given JavaScript code with possible arguments.</doc>
<status status="PASS" start="2025-02-12T12:10:29.512196" elapsed="0.009658"/>
</kw>
<kw name="Sleep" owner="BuiltIn">
<msg time="2025-02-12T12:10:31.522874" level="INFO">Slept 2 seconds.</msg>
<arg>2s</arg>
<doc>Pauses the test executed for the given time.</doc>
<status status="PASS" start="2025-02-12T12:10:29.522362" elapsed="2.000753"/>
</kw>
<kw name="Go To" owner="SeleniumLibrary">
<msg time="2025-02-12T12:10:31.523856" level="INFO">Opening url 'http://127.0.0.1:8000/researchers/2'</msg>
<arg>http://127.0.0.1:8000/researchers/2</arg>
<doc>Navigates the current browser window to the provided ``url``.</doc>
<status status="PASS" start="2025-02-12T12:10:31.523565" elapsed="0.317966"/>
</kw>
<kw name="Wait Until Location Is" owner="SeleniumLibrary">
<arg>http://127.0.0.1:8000/researchers/2</arg>
<arg>5s</arg>
<doc>Waits until the current URL is ``expected``.</doc>
<status status="PASS" start="2025-02-12T12:10:31.842085" elapsed="0.009655"/>
</kw>
<kw name="Capture Page Screenshot" owner="SeleniumLibrary">
<msg time="2025-02-12T12:10:32.077646" level="INFO" html="true">&lt;/td&gt;&lt;/tr&gt;&lt;tr&gt;&lt;td colspan="3"&gt;&lt;a href="selenium-screenshot-166.png"&gt;&lt;img src="selenium-screenshot-166.png" width="800px"&gt;&lt;/a&gt;</msg>
<doc>Takes a screenshot of the current page and embeds it into a log file.</doc>
<status status="PASS" start="2025-02-12T12:10:31.852103" elapsed="0.225678"/>
</kw>
<kw name="Scroll Element Into View" owner="SeleniumLibrary">
<arg>xpath=(//a[contains(@href, '/detail/')])[1]</arg>
<doc>Scrolls the element identified by ``locator`` into view.</doc>
<status status="PASS" start="2025-02-12T12:10:32.078042" elapsed="0.292722"/>
</kw>
<kw name="Sleep" owner="BuiltIn">
<msg time="2025-02-12T12:10:34.372283" level="INFO">Slept 2 seconds.</msg>
<arg>2s</arg>
<doc>Pauses the test executed for the given time.</doc>
<status status="PASS" start="2025-02-12T12:10:32.371313" elapsed="2.001201"/>
</kw>
<kw name="Wait Until Element Is Visible" owner="SeleniumLibrary">
<arg>xpath=(//a[contains(@href, '/detail/')])[1]</arg>
<arg>5s</arg>
<doc>Waits until the element ``locator`` is visible.</doc>
<status status="PASS" start="2025-02-12T12:10:34.372954" elapsed="0.036783"/>
</kw>
<kw name="Click Element" owner="SeleniumLibrary">
<msg time="2025-02-12T12:10:34.410663" level="INFO">Clicking element 'xpath=(//a[contains(@href, '/detail/')])[1]'.</msg>
<arg>xpath=(//a[contains(@href, '/detail/')])[1]</arg>
<doc>Click the element identified by ``locator``.</doc>
<status status="PASS" start="2025-02-12T12:10:34.410229" elapsed="1.195230"/>
</kw>
<kw name="Sleep" owner="BuiltIn">
<msg time="2025-02-12T12:10:38.606694" level="INFO">Slept 3 seconds.</msg>
<arg>3s</arg>
<doc>Pauses the test executed for the given time.</doc>
<status status="PASS" start="2025-02-12T12:10:35.605948" elapsed="3.001012"/>
</kw>
<kw name="Capture Page Screenshot" owner="SeleniumLibrary">
<msg time="2025-02-12T12:10:38.783129" level="INFO" html="true">&lt;/td&gt;&lt;/tr&gt;&lt;tr&gt;&lt;td colspan="3"&gt;&lt;a href="selenium-screenshot-167.png"&gt;&lt;img src="selenium-screenshot-167.png" width="800px"&gt;&lt;/a&gt;</msg>
<doc>Takes a screenshot of the current page and embeds it into a log file.</doc>
<status status="PASS" start="2025-02-12T12:10:38.607479" elapsed="0.175862"/>
</kw>
<kw name="Get WebElements" owner="SeleniumLibrary">
<msg time="2025-02-12T12:10:38.795994" level="INFO">${tabs_it} = [&lt;selenium.webdriver.remote.webelement.WebElement (session="51c50bb8b515f8895ffdd403e625e401", element="f.37F7B33F28856F73FE49C9AFFAE2C188.d.69A1F52139F2E883AF5B01D0BBBE01C0.e.170")&gt;, &lt;selenium.webdri...</msg>
<var>${tabs_it}</var>
<arg>xpath=//ul[@class='nav nav-tabs']/li/button</arg>
<doc>Returns a list of WebElement objects matching the ``locator``.</doc>
<status status="PASS" start="2025-02-12T12:10:38.783766" elapsed="0.012330"/>
</kw>
<for flavor="IN">
<iter>
<kw name="Scroll Element Into View" owner="SeleniumLibrary">
<arg>${tab}</arg>
<doc>Scrolls the element identified by ``locator`` into view.</doc>
<status status="PASS" start="2025-02-12T12:10:38.797088" elapsed="0.263317"/>
</kw>
<kw name="Click Element" owner="SeleniumLibrary">
<msg time="2025-02-12T12:10:39.061295" level="INFO">Clicking element '&lt;selenium.webdriver.remote.webelement.WebElement (session="51c50bb8b515f8895ffdd403e625e401", element="f.37F7B33F28856F73FE49C9AFFAE2C188.d.69A1F52139F2E883AF5B01D0BBBE01C0.e.170")&gt;'.</msg>
<arg>${tab}</arg>
<doc>Click the element identified by ``locator``.</doc>
<status status="PASS" start="2025-02-12T12:10:39.060774" elapsed="0.105318"/>
</kw>
<kw name="Sleep" owner="BuiltIn">
<msg time="2025-02-12T12:10:41.167074" level="INFO">Slept 2 seconds.</msg>
<arg>2s</arg>
<doc>Pauses the test executed for the given time.</doc>
<status status="PASS" start="2025-02-12T12:10:39.166467" elapsed="2.000862"/>
</kw>
<kw name="Capture Page Screenshot" owner="SeleniumLibrary">
<msg time="2025-02-12T12:10:41.343478" level="INFO" html="true">&lt;/td&gt;&lt;/tr&gt;&lt;tr&gt;&lt;td colspan="3"&gt;&lt;a href="selenium-screenshot-168.png"&gt;&lt;img src="selenium-screenshot-168.png" width="800px"&gt;&lt;/a&gt;</msg>
<doc>Takes a screenshot of the current page and embeds it into a log file.</doc>
<status status="PASS" start="2025-02-12T12:10:41.167718" elapsed="0.175949"/>
</kw>
<var name="${tab}">&lt;selenium.webdriver.remote.webelement.WebElement (session="51c50bb8b515f8895ffdd403e625e401", element="f.37F7B33F28856F73FE49C9AFFAE2C188.d.69A1F52139F2E883AF5B01D0BBBE01C0.e.170")&gt;</var>
<status status="PASS" start="2025-02-12T12:10:38.796820" elapsed="2.547059"/>
</iter>
<iter>
<kw name="Scroll Element Into View" owner="SeleniumLibrary">
<arg>${tab}</arg>
<doc>Scrolls the element identified by ``locator`` into view.</doc>
<status status="PASS" start="2025-02-12T12:10:41.344439" elapsed="0.266555"/>
</kw>
<kw name="Click Element" owner="SeleniumLibrary">
<msg time="2025-02-12T12:10:41.611991" level="INFO">Clicking element '&lt;selenium.webdriver.remote.webelement.WebElement (session="51c50bb8b515f8895ffdd403e625e401", element="f.37F7B33F28856F73FE49C9AFFAE2C188.d.69A1F52139F2E883AF5B01D0BBBE01C0.e.171")&gt;'.</msg>
<arg>${tab}</arg>
<doc>Click the element identified by ``locator``.</doc>
<status status="PASS" start="2025-02-12T12:10:41.611420" elapsed="0.111417"/>
</kw>
<kw name="Sleep" owner="BuiltIn">
<msg time="2025-02-12T12:10:43.723875" level="INFO">Slept 2 seconds.</msg>
<arg>2s</arg>
<doc>Pauses the test executed for the given time.</doc>
<status status="PASS" start="2025-02-12T12:10:41.723301" elapsed="2.000834"/>
</kw>
<kw name="Capture Page Screenshot" owner="SeleniumLibrary">
<msg time="2025-02-12T12:10:43.893103" level="INFO" html="true">&lt;/td&gt;&lt;/tr&gt;&lt;tr&gt;&lt;td colspan="3"&gt;&lt;a href="selenium-screenshot-169.png"&gt;&lt;img src="selenium-screenshot-169.png" width="800px"&gt;&lt;/a&gt;</msg>
<doc>Takes a screenshot of the current page and embeds it into a log file.</doc>
<status status="PASS" start="2025-02-12T12:10:43.724497" elapsed="0.168807"/>
</kw>
<var name="${tab}">&lt;selenium.webdriver.remote.webelement.WebElement (session="51c50bb8b515f8895ffdd403e625e401", element="f.37F7B33F28856F73FE49C9AFFAE2C188.d.69A1F52139F2E883AF5B01D0BBBE01C0.e.171")&gt;</var>
<status status="PASS" start="2025-02-12T12:10:41.344213" elapsed="2.549232"/>
</iter>
<iter>
<kw name="Scroll Element Into View" owner="SeleniumLibrary">
<arg>${tab}</arg>
<doc>Scrolls the element identified by ``locator`` into view.</doc>
<status status="PASS" start="2025-02-12T12:10:43.894047" elapsed="0.266142"/>
</kw>
<kw name="Click Element" owner="SeleniumLibrary">
<msg time="2025-02-12T12:10:44.161179" level="INFO">Clicking element '&lt;selenium.webdriver.remote.webelement.WebElement (session="51c50bb8b515f8895ffdd403e625e401", element="f.37F7B33F28856F73FE49C9AFFAE2C188.d.69A1F52139F2E883AF5B01D0BBBE01C0.e.172")&gt;'.</msg>
<arg>${tab}</arg>
<doc>Click the element identified by ``locator``.</doc>
<status status="PASS" start="2025-02-12T12:10:44.160612" elapsed="0.108979"/>
</kw>
<kw name="Sleep" owner="BuiltIn">
<msg time="2025-02-12T12:10:46.270647" level="INFO">Slept 2 seconds.</msg>
<arg>2s</arg>
<doc>Pauses the test executed for the given time.</doc>
<status status="PASS" start="2025-02-12T12:10:44.270026" elapsed="2.000883"/>
</kw>
<kw name="Capture Page Screenshot" owner="SeleniumLibrary">
<msg time="2025-02-12T12:10:46.436947" level="INFO" html="true">&lt;/td&gt;&lt;/tr&gt;&lt;tr&gt;&lt;td colspan="3"&gt;&lt;a href="selenium-screenshot-170.png"&gt;&lt;img src="selenium-screenshot-170.png" width="800px"&gt;&lt;/a&gt;</msg>
<doc>Takes a screenshot of the current page and embeds it into a log file.</doc>
<status status="PASS" start="2025-02-12T12:10:46.271324" elapsed="0.165757"/>
</kw>
<var name="${tab}">&lt;selenium.webdriver.remote.webelement.WebElement (session="51c50bb8b515f8895ffdd403e625e401", element="f.37F7B33F28856F73FE49C9AFFAE2C188.d.69A1F52139F2E883AF5B01D0BBBE01C0.e.172")&gt;</var>
<status status="PASS" start="2025-02-12T12:10:43.893783" elapsed="2.543373"/>
</iter>
<iter>
<kw name="Scroll Element Into View" owner="SeleniumLibrary">
<arg>${tab}</arg>
<doc>Scrolls the element identified by ``locator`` into view.</doc>
<status status="PASS" start="2025-02-12T12:10:46.437466" elapsed="0.265073"/>
</kw>
<kw name="Click Element" owner="SeleniumLibrary">
<msg time="2025-02-12T12:10:46.703437" level="INFO">Clicking element '&lt;selenium.webdriver.remote.webelement.WebElement (session="51c50bb8b515f8895ffdd403e625e401", element="f.37F7B33F28856F73FE49C9AFFAE2C188.d.69A1F52139F2E883AF5B01D0BBBE01C0.e.173")&gt;'.</msg>
<arg>${tab}</arg>
<doc>Click the element identified by ``locator``.</doc>
<status status="PASS" start="2025-02-12T12:10:46.702918" elapsed="0.106823"/>
</kw>
<kw name="Sleep" owner="BuiltIn">
<msg time="2025-02-12T12:10:48.810929" level="INFO">Slept 2 seconds.</msg>
<arg>2s</arg>
<doc>Pauses the test executed for the given time.</doc>
<status status="PASS" start="2025-02-12T12:10:46.810233" elapsed="2.000999"/>
</kw>
<kw name="Capture Page Screenshot" owner="SeleniumLibrary">
<msg time="2025-02-12T12:10:48.998289" level="INFO" html="true">&lt;/td&gt;&lt;/tr&gt;&lt;tr&gt;&lt;td colspan="3"&gt;&lt;a href="selenium-screenshot-171.png"&gt;&lt;img src="selenium-screenshot-171.png" width="800px"&gt;&lt;/a&gt;</msg>
<doc>Takes a screenshot of the current page and embeds it into a log file.</doc>
<status status="PASS" start="2025-02-12T12:10:48.811588" elapsed="0.186921"/>
</kw>
<var name="${tab}">&lt;selenium.webdriver.remote.webelement.WebElement (session="51c50bb8b515f8895ffdd403e625e401", element="f.37F7B33F28856F73FE49C9AFFAE2C188.d.69A1F52139F2E883AF5B01D0BBBE01C0.e.173")&gt;</var>
<status status="PASS" start="2025-02-12T12:10:46.437328" elapsed="2.561335"/>
</iter>
<iter>
<kw name="Scroll Element Into View" owner="SeleniumLibrary">
<arg>${tab}</arg>
<doc>Scrolls the element identified by ``locator`` into view.</doc>
<status status="PASS" start="2025-02-12T12:10:48.999325" elapsed="0.268130"/>
</kw>
<kw name="Click Element" owner="SeleniumLibrary">
<msg time="2025-02-12T12:10:49.268346" level="INFO">Clicking element '&lt;selenium.webdriver.remote.webelement.WebElement (session="51c50bb8b515f8895ffdd403e625e401", element="f.37F7B33F28856F73FE49C9AFFAE2C188.d.69A1F52139F2E883AF5B01D0BBBE01C0.e.174")&gt;'.</msg>
<arg>${tab}</arg>
<doc>Click the element identified by ``locator``.</doc>
<status status="PASS" start="2025-02-12T12:10:49.267828" elapsed="0.106176"/>
</kw>
<kw name="Sleep" owner="BuiltIn">
<msg time="2025-02-12T12:10:51.374944" level="INFO">Slept 2 seconds.</msg>
<arg>2s</arg>
<doc>Pauses the test executed for the given time.</doc>
<status status="PASS" start="2025-02-12T12:10:49.374349" elapsed="2.000859"/>
</kw>
<kw name="Capture Page Screenshot" owner="SeleniumLibrary">
<msg time="2025-02-12T12:10:51.547014" level="INFO" html="true">&lt;/td&gt;&lt;/tr&gt;&lt;tr&gt;&lt;td colspan="3"&gt;&lt;a href="selenium-screenshot-172.png"&gt;&lt;img src="selenium-screenshot-172.png" width="800px"&gt;&lt;/a&gt;</msg>
<doc>Takes a screenshot of the current page and embeds it into a log file.</doc>
<status status="PASS" start="2025-02-12T12:10:51.375562" elapsed="0.171666"/>
</kw>
<var name="${tab}">&lt;selenium.webdriver.remote.webelement.WebElement (session="51c50bb8b515f8895ffdd403e625e401", element="f.37F7B33F28856F73FE49C9AFFAE2C188.d.69A1F52139F2E883AF5B01D0BBBE01C0.e.174")&gt;</var>
<status status="PASS" start="2025-02-12T12:10:48.999054" elapsed="2.548323"/>
</iter>
<iter>
<kw name="Scroll Element Into View" owner="SeleniumLibrary">
<arg>${tab}</arg>
<doc>Scrolls the element identified by ``locator`` into view.</doc>
<status status="PASS" start="2025-02-12T12:10:51.548023" elapsed="0.267016"/>
</kw>
<kw name="Click Element" owner="SeleniumLibrary">
<msg time="2025-02-12T12:10:51.816017" level="INFO">Clicking element '&lt;selenium.webdriver.remote.webelement.WebElement (session="51c50bb8b515f8895ffdd403e625e401", element="f.37F7B33F28856F73FE49C9AFFAE2C188.d.69A1F52139F2E883AF5B01D0BBBE01C0.e.175")&gt;'.</msg>
<arg>${tab}</arg>
<doc>Click the element identified by ``locator``.</doc>
<status status="PASS" start="2025-02-12T12:10:51.815453" elapsed="0.111307"/>
</kw>
<kw name="Sleep" owner="BuiltIn">
<msg time="2025-02-12T12:10:53.927806" level="INFO">Slept 2 seconds.</msg>
<arg>2s</arg>
<doc>Pauses the test executed for the given time.</doc>
<status status="PASS" start="2025-02-12T12:10:51.927227" elapsed="2.000959"/>
</kw>
<kw name="Capture Page Screenshot" owner="SeleniumLibrary">
<msg time="2025-02-12T12:10:54.101249" level="INFO" html="true">&lt;/td&gt;&lt;/tr&gt;&lt;tr&gt;&lt;td colspan="3"&gt;&lt;a href="selenium-screenshot-173.png"&gt;&lt;img src="selenium-screenshot-173.png" width="800px"&gt;&lt;/a&gt;</msg>
<doc>Takes a screenshot of the current page and embeds it into a log file.</doc>
<status status="PASS" start="2025-02-12T12:10:53.928560" elapsed="0.172807"/>
</kw>
<var name="${tab}">&lt;selenium.webdriver.remote.webelement.WebElement (session="51c50bb8b515f8895ffdd403e625e401", element="f.37F7B33F28856F73FE49C9AFFAE2C188.d.69A1F52139F2E883AF5B01D0BBBE01C0.e.175")&gt;</var>
<status status="PASS" start="2025-02-12T12:10:51.547741" elapsed="2.553702"/>
</iter>
<iter>
<kw name="Scroll Element Into View" owner="SeleniumLibrary">
<arg>${tab}</arg>
<doc>Scrolls the element identified by ``locator`` into view.</doc>
<status status="PASS" start="2025-02-12T12:10:54.101732" elapsed="0.265523"/>
</kw>
<kw name="Click Element" owner="SeleniumLibrary">
<msg time="2025-02-12T12:10:54.368278" level="INFO">Clicking element '&lt;selenium.webdriver.remote.webelement.WebElement (session="51c50bb8b515f8895ffdd403e625e401", element="f.37F7B33F28856F73FE49C9AFFAE2C188.d.69A1F52139F2E883AF5B01D0BBBE01C0.e.176")&gt;'.</msg>
<arg>${tab}</arg>
<doc>Click the element identified by ``locator``.</doc>
<status status="PASS" start="2025-02-12T12:10:54.367682" elapsed="0.093266"/>
</kw>
<kw name="Sleep" owner="BuiltIn">
<msg time="2025-02-12T12:10:56.461915" level="INFO">Slept 2 seconds.</msg>
<arg>2s</arg>
<doc>Pauses the test executed for the given time.</doc>
<status status="PASS" start="2025-02-12T12:10:54.461365" elapsed="2.000801"/>
</kw>
<kw name="Capture Page Screenshot" owner="SeleniumLibrary">
<msg time="2025-02-12T12:10:56.642087" level="INFO" html="true">&lt;/td&gt;&lt;/tr&gt;&lt;tr&gt;&lt;td colspan="3"&gt;&lt;a href="selenium-screenshot-174.png"&gt;&lt;img src="selenium-screenshot-174.png" width="800px"&gt;&lt;/a&gt;</msg>
<doc>Takes a screenshot of the current page and embeds it into a log file.</doc>
<status status="PASS" start="2025-02-12T12:10:56.462531" elapsed="0.179697"/>
</kw>
<var name="${tab}">&lt;selenium.webdriver.remote.webelement.WebElement (session="51c50bb8b515f8895ffdd403e625e401", element="f.37F7B33F28856F73FE49C9AFFAE2C188.d.69A1F52139F2E883AF5B01D0BBBE01C0.e.176")&gt;</var>
<status status="PASS" start="2025-02-12T12:10:54.101606" elapsed="2.540715"/>
</iter>
<var>${tab}</var>
<value>@{tabs_it}</value>
<status status="PASS" start="2025-02-12T12:10:38.796392" elapsed="17.846038"/>
</for>
<kw name="Click Element" owner="SeleniumLibrary">
<msg time="2025-02-12T12:10:56.642989" level="INFO">Clicking element 'xpath=//a[@data-bs-toggle='dropdown']'.</msg>
<arg>xpath=//a[@data-bs-toggle='dropdown']</arg>
<doc>Click the element identified by ``locator``.</doc>
<status status="PASS" start="2025-02-12T12:10:56.642702" elapsed="0.100313"/>
</kw>
<kw name="Sleep" owner="BuiltIn">
<msg time="2025-02-12T12:10:59.743679" level="INFO">Slept 3 seconds.</msg>
<arg>3s</arg>
<doc>Pauses the test executed for the given time.</doc>
<status status="PASS" start="2025-02-12T12:10:56.743307" elapsed="3.000591"/>
</kw>
<kw name="Capture Page Screenshot" owner="SeleniumLibrary">
<msg time="2025-02-12T12:10:59.928686" level="INFO" html="true">&lt;/td&gt;&lt;/tr&gt;&lt;tr&gt;&lt;td colspan="3"&gt;&lt;a href="selenium-screenshot-175.png"&gt;&lt;img src="selenium-screenshot-175.png" width="800px"&gt;&lt;/a&gt;</msg>
<doc>Takes a screenshot of the current page and embeds it into a log file.</doc>
<status status="PASS" start="2025-02-12T12:10:59.744404" elapsed="0.184395"/>
</kw>
<kw name="Execute Javascript" owner="SeleniumLibrary">
<msg time="2025-02-12T12:10:59.929471" level="INFO">Executing JavaScript:
document.querySelector("a[data-bs-toggle='dropdown']").click()
Without any arguments.</msg>
<arg>document.querySelector("a[data-bs-toggle='dropdown']").click()</arg>
<doc>Executes the given JavaScript code with possible arguments.</doc>
<status status="PASS" start="2025-02-12T12:10:59.929059" elapsed="0.010540"/>
</kw>
<kw name="Sleep" owner="BuiltIn">
<msg time="2025-02-12T12:11:01.940234" level="INFO">Slept 2 seconds.</msg>
<arg>2s</arg>
<doc>Pauses the test executed for the given time.</doc>
<status status="PASS" start="2025-02-12T12:10:59.939848" elapsed="2.000613"/>
</kw>
<kw name="Go To" owner="SeleniumLibrary">
<msg time="2025-02-12T12:11:01.941252" level="INFO">Opening url 'http://127.0.0.1:8000/researchers/3'</msg>
<arg>http://127.0.0.1:8000/researchers/3</arg>
<doc>Navigates the current browser window to the provided ``url``.</doc>
<status status="PASS" start="2025-02-12T12:11:01.940906" elapsed="0.317407"/>
</kw>
<kw name="Wait Until Location Is" owner="SeleniumLibrary">
<arg>http://127.0.0.1:8000/researchers/3</arg>
<arg>5s</arg>
<doc>Waits until the current URL is ``expected``.</doc>
<status status="PASS" start="2025-02-12T12:11:02.258865" elapsed="0.007440"/>
</kw>
<kw name="Capture Page Screenshot" owner="SeleniumLibrary">
<msg time="2025-02-12T12:11:02.497371" level="INFO" html="true">&lt;/td&gt;&lt;/tr&gt;&lt;tr&gt;&lt;td colspan="3"&gt;&lt;a href="selenium-screenshot-176.png"&gt;&lt;img src="selenium-screenshot-176.png" width="800px"&gt;&lt;/a&gt;</msg>
<doc>Takes a screenshot of the current page and embeds it into a log file.</doc>
<status status="PASS" start="2025-02-12T12:11:02.266579" elapsed="0.231012"/>
</kw>
<kw name="Scroll Element Into View" owner="SeleniumLibrary">
<arg>xpath=(//a[contains(@href, '/detail/')])[1]</arg>
<doc>Scrolls the element identified by ``locator`` into view.</doc>
<status status="PASS" start="2025-02-12T12:11:02.498058" elapsed="0.291972"/>
</kw>
<kw name="Sleep" owner="BuiltIn">
<msg time="2025-02-12T12:11:04.791243" level="INFO">Slept 2 seconds.</msg>
<arg>2s</arg>
<doc>Pauses the test executed for the given time.</doc>
<status status="PASS" start="2025-02-12T12:11:02.790709" elapsed="2.000770"/>
</kw>
<kw name="Wait Until Element Is Visible" owner="SeleniumLibrary">
<arg>xpath=(//a[contains(@href, '/detail/')])[1]</arg>
<arg>5s</arg>
<doc>Waits until the element ``locator`` is visible.</doc>
<status status="PASS" start="2025-02-12T12:11:04.792005" elapsed="0.032460"/>
</kw>
<kw name="Click Element" owner="SeleniumLibrary">
<msg time="2025-02-12T12:11:04.825480" level="INFO">Clicking element 'xpath=(//a[contains(@href, '/detail/')])[1]'.</msg>
<arg>xpath=(//a[contains(@href, '/detail/')])[1]</arg>
<doc>Click the element identified by ``locator``.</doc>
<status status="PASS" start="2025-02-12T12:11:04.825039" elapsed="1.030009"/>
</kw>
<kw name="Sleep" owner="BuiltIn">
<msg time="2025-02-12T12:11:08.856200" level="INFO">Slept 3 seconds.</msg>
<arg>3s</arg>
<doc>Pauses the test executed for the given time.</doc>
<status status="PASS" start="2025-02-12T12:11:05.855550" elapsed="3.000880"/>
</kw>
<kw name="Capture Page Screenshot" owner="SeleniumLibrary">
<msg time="2025-02-12T12:11:09.031739" level="INFO" html="true">&lt;/td&gt;&lt;/tr&gt;&lt;tr&gt;&lt;td colspan="3"&gt;&lt;a href="selenium-screenshot-177.png"&gt;&lt;img src="selenium-screenshot-177.png" width="800px"&gt;&lt;/a&gt;</msg>
<doc>Takes a screenshot of the current page and embeds it into a log file.</doc>
<status status="PASS" start="2025-02-12T12:11:08.856903" elapsed="0.175121"/>
</kw>
<kw name="Get WebElements" owner="SeleniumLibrary">
<msg time="2025-02-12T12:11:09.052061" level="INFO">${tabs_it} = [&lt;selenium.webdriver.remote.webelement.WebElement (session="51c50bb8b515f8895ffdd403e625e401", element="f.37F7B33F28856F73FE49C9AFFAE2C188.d.B70D4B26F07165DBD6DAF229AE716B77.e.224")&gt;, &lt;selenium.webdri...</msg>
<var>${tabs_it}</var>
<arg>xpath=//ul[@class='nav nav-tabs']/li/button</arg>
<doc>Returns a list of WebElement objects matching the ``locator``.</doc>
<status status="PASS" start="2025-02-12T12:11:09.032549" elapsed="0.019620"/>
</kw>
<for flavor="IN">
<iter>
<kw name="Scroll Element Into View" owner="SeleniumLibrary">
<arg>${tab}</arg>
<doc>Scrolls the element identified by ``locator`` into view.</doc>
<status status="PASS" start="2025-02-12T12:11:09.053395" elapsed="0.267856"/>
</kw>
<kw name="Click Element" owner="SeleniumLibrary">
<msg time="2025-02-12T12:11:09.322164" level="INFO">Clicking element '&lt;selenium.webdriver.remote.webelement.WebElement (session="51c50bb8b515f8895ffdd403e625e401", element="f.37F7B33F28856F73FE49C9AFFAE2C188.d.B70D4B26F07165DBD6DAF229AE716B77.e.224")&gt;'.</msg>
<arg>${tab}</arg>
<doc>Click the element identified by ``locator``.</doc>
<status status="PASS" start="2025-02-12T12:11:09.321651" elapsed="0.107419"/>
</kw>
<kw name="Sleep" owner="BuiltIn">
<msg time="2025-02-12T12:11:11.430041" level="INFO">Slept 2 seconds.</msg>
<arg>2s</arg>
<doc>Pauses the test executed for the given time.</doc>
<status status="PASS" start="2025-02-12T12:11:09.429486" elapsed="2.000786"/>
</kw>
<kw name="Capture Page Screenshot" owner="SeleniumLibrary">
<msg time="2025-02-12T12:11:11.617786" level="INFO" html="true">&lt;/td&gt;&lt;/tr&gt;&lt;tr&gt;&lt;td colspan="3"&gt;&lt;a href="selenium-screenshot-178.png"&gt;&lt;img src="selenium-screenshot-178.png" width="800px"&gt;&lt;/a&gt;</msg>
<doc>Takes a screenshot of the current page and embeds it into a log file.</doc>
<status status="PASS" start="2025-02-12T12:11:11.430640" elapsed="0.187400"/>
</kw>
<var name="${tab}">&lt;selenium.webdriver.remote.webelement.WebElement (session="51c50bb8b515f8895ffdd403e625e401", element="f.37F7B33F28856F73FE49C9AFFAE2C188.d.B70D4B26F07165DBD6DAF229AE716B77.e.224")&gt;</var>
<status status="PASS" start="2025-02-12T12:11:09.053127" elapsed="2.565068"/>
</iter>
<iter>
<kw name="Scroll Element Into View" owner="SeleniumLibrary">
<arg>${tab}</arg>
<doc>Scrolls the element identified by ``locator`` into view.</doc>
<status status="PASS" start="2025-02-12T12:11:11.618834" elapsed="0.284701"/>
</kw>
<kw name="Click Element" owner="SeleniumLibrary">
<msg time="2025-02-12T12:11:11.904247" level="INFO">Clicking element '&lt;selenium.webdriver.remote.webelement.WebElement (session="51c50bb8b515f8895ffdd403e625e401", element="f.37F7B33F28856F73FE49C9AFFAE2C188.d.B70D4B26F07165DBD6DAF229AE716B77.e.225")&gt;'.</msg>
<arg>${tab}</arg>
<doc>Click the element identified by ``locator``.</doc>
<status status="PASS" start="2025-02-12T12:11:11.903826" elapsed="0.073737"/>
</kw>
<kw name="Sleep" owner="BuiltIn">
<msg time="2025-02-12T12:11:13.978228" level="INFO">Slept 2 seconds.</msg>
<arg>2s</arg>
<doc>Pauses the test executed for the given time.</doc>
<status status="PASS" start="2025-02-12T12:11:11.977793" elapsed="2.000695"/>
</kw>
<kw name="Capture Page Screenshot" owner="SeleniumLibrary">
<msg time="2025-02-12T12:11:14.163059" level="INFO" html="true">&lt;/td&gt;&lt;/tr&gt;&lt;tr&gt;&lt;td colspan="3"&gt;&lt;a href="selenium-screenshot-179.png"&gt;&lt;img src="selenium-screenshot-179.png" width="800px"&gt;&lt;/a&gt;</msg>
<doc>Takes a screenshot of the current page and embeds it into a log file.</doc>
<status status="PASS" start="2025-02-12T12:11:13.978864" elapsed="0.184381"/>
</kw>
<var name="${tab}">&lt;selenium.webdriver.remote.webelement.WebElement (session="51c50bb8b515f8895ffdd403e625e401", element="f.37F7B33F28856F73FE49C9AFFAE2C188.d.B70D4B26F07165DBD6DAF229AE716B77.e.225")&gt;</var>
<status status="PASS" start="2025-02-12T12:11:11.618566" elapsed="2.544806"/>
</iter>
<iter>
<kw name="Scroll Element Into View" owner="SeleniumLibrary">
<arg>${tab}</arg>
<doc>Scrolls the element identified by ``locator`` into view.</doc>
<status status="PASS" start="2025-02-12T12:11:14.163914" elapsed="0.263843"/>
</kw>
<kw name="Click Element" owner="SeleniumLibrary">
<msg time="2025-02-12T12:11:14.428751" level="INFO">Clicking element '&lt;selenium.webdriver.remote.webelement.WebElement (session="51c50bb8b515f8895ffdd403e625e401", element="f.37F7B33F28856F73FE49C9AFFAE2C188.d.B70D4B26F07165DBD6DAF229AE716B77.e.226")&gt;'.</msg>
<arg>${tab}</arg>
<doc>Click the element identified by ``locator``.</doc>
<status status="PASS" start="2025-02-12T12:11:14.428196" elapsed="0.110604"/>
</kw>
<kw name="Sleep" owner="BuiltIn">
<msg time="2025-02-12T12:11:16.539888" level="INFO">Slept 2 seconds.</msg>
<arg>2s</arg>
<doc>Pauses the test executed for the given time.</doc>
<status status="PASS" start="2025-02-12T12:11:14.539273" elapsed="2.000857"/>
</kw>
<kw name="Capture Page Screenshot" owner="SeleniumLibrary">
<msg time="2025-02-12T12:11:16.732678" level="INFO" html="true">&lt;/td&gt;&lt;/tr&gt;&lt;tr&gt;&lt;td colspan="3"&gt;&lt;a href="selenium-screenshot-180.png"&gt;&lt;img src="selenium-screenshot-180.png" width="800px"&gt;&lt;/a&gt;</msg>
<doc>Takes a screenshot of the current page and embeds it into a log file.</doc>
<status status="PASS" start="2025-02-12T12:11:16.540489" elapsed="0.192442"/>
</kw>
<var name="${tab}">&lt;selenium.webdriver.remote.webelement.WebElement (session="51c50bb8b515f8895ffdd403e625e401", element="f.37F7B33F28856F73FE49C9AFFAE2C188.d.B70D4B26F07165DBD6DAF229AE716B77.e.226")&gt;</var>
<status status="PASS" start="2025-02-12T12:11:14.163684" elapsed="2.569436"/>
</iter>
<iter>
<kw name="Scroll Element Into View" owner="SeleniumLibrary">
<arg>${tab}</arg>
<doc>Scrolls the element identified by ``locator`` into view.</doc>
<status status="PASS" start="2025-02-12T12:11:16.733803" elapsed="0.268618"/>
</kw>
<kw name="Click Element" owner="SeleniumLibrary">
<msg time="2025-02-12T12:11:17.003570" level="INFO">Clicking element '&lt;selenium.webdriver.remote.webelement.WebElement (session="51c50bb8b515f8895ffdd403e625e401", element="f.37F7B33F28856F73FE49C9AFFAE2C188.d.B70D4B26F07165DBD6DAF229AE716B77.e.227")&gt;'.</msg>
<arg>${tab}</arg>
<doc>Click the element identified by ``locator``.</doc>
<status status="PASS" start="2025-02-12T12:11:17.002857" elapsed="0.109028"/>
</kw>
<kw name="Sleep" owner="BuiltIn">
<msg time="2025-02-12T12:11:19.112652" level="INFO">Slept 2 seconds.</msg>
<arg>2s</arg>
<doc>Pauses the test executed for the given time.</doc>
<status status="PASS" start="2025-02-12T12:11:17.112160" elapsed="2.000725"/>
</kw>
<kw name="Capture Page Screenshot" owner="SeleniumLibrary">
<msg time="2025-02-12T12:11:19.279200" level="INFO" html="true">&lt;/td&gt;&lt;/tr&gt;&lt;tr&gt;&lt;td colspan="3"&gt;&lt;a href="selenium-screenshot-181.png"&gt;&lt;img src="selenium-screenshot-181.png" width="800px"&gt;&lt;/a&gt;</msg>
<doc>Takes a screenshot of the current page and embeds it into a log file.</doc>
<status status="PASS" start="2025-02-12T12:11:19.113277" elapsed="0.166112"/>
</kw>
<var name="${tab}">&lt;selenium.webdriver.remote.webelement.WebElement (session="51c50bb8b515f8895ffdd403e625e401", element="f.37F7B33F28856F73FE49C9AFFAE2C188.d.B70D4B26F07165DBD6DAF229AE716B77.e.227")&gt;</var>
<status status="PASS" start="2025-02-12T12:11:16.733513" elapsed="2.546007"/>
</iter>
<iter>
<kw name="Scroll Element Into View" owner="SeleniumLibrary">
<arg>${tab}</arg>
<doc>Scrolls the element identified by ``locator`` into view.</doc>
<status status="PASS" start="2025-02-12T12:11:19.280077" elapsed="0.267152"/>
</kw>
<kw name="Click Element" owner="SeleniumLibrary">
<msg time="2025-02-12T12:11:19.548145" level="INFO">Clicking element '&lt;selenium.webdriver.remote.webelement.WebElement (session="51c50bb8b515f8895ffdd403e625e401", element="f.37F7B33F28856F73FE49C9AFFAE2C188.d.B70D4B26F07165DBD6DAF229AE716B77.e.228")&gt;'.</msg>
<arg>${tab}</arg>
<doc>Click the element identified by ``locator``.</doc>
<status status="PASS" start="2025-02-12T12:11:19.547613" elapsed="0.109052"/>
</kw>
<kw name="Sleep" owner="BuiltIn">
<msg time="2025-02-12T12:11:21.658130" level="INFO">Slept 2 seconds.</msg>
<arg>2s</arg>
<doc>Pauses the test executed for the given time.</doc>
<status status="PASS" start="2025-02-12T12:11:19.657093" elapsed="2.001267"/>
</kw>
<kw name="Capture Page Screenshot" owner="SeleniumLibrary">
<msg time="2025-02-12T12:11:21.838895" level="INFO" html="true">&lt;/td&gt;&lt;/tr&gt;&lt;tr&gt;&lt;td colspan="3"&gt;&lt;a href="selenium-screenshot-182.png"&gt;&lt;img src="selenium-screenshot-182.png" width="800px"&gt;&lt;/a&gt;</msg>
<doc>Takes a screenshot of the current page and embeds it into a log file.</doc>
<status status="PASS" start="2025-02-12T12:11:21.658719" elapsed="0.180547"/>
</kw>
<var name="${tab}">&lt;selenium.webdriver.remote.webelement.WebElement (session="51c50bb8b515f8895ffdd403e625e401", element="f.37F7B33F28856F73FE49C9AFFAE2C188.d.B70D4B26F07165DBD6DAF229AE716B77.e.228")&gt;</var>
<status status="PASS" start="2025-02-12T12:11:19.279829" elapsed="2.559608"/>
</iter>
<iter>
<kw name="Scroll Element Into View" owner="SeleniumLibrary">
<arg>${tab}</arg>
<doc>Scrolls the element identified by ``locator`` into view.</doc>
<status status="PASS" start="2025-02-12T12:11:21.840137" elapsed="0.267878"/>
</kw>
<kw name="Click Element" owner="SeleniumLibrary">
<msg time="2025-02-12T12:11:22.109009" level="INFO">Clicking element '&lt;selenium.webdriver.remote.webelement.WebElement (session="51c50bb8b515f8895ffdd403e625e401", element="f.37F7B33F28856F73FE49C9AFFAE2C188.d.B70D4B26F07165DBD6DAF229AE716B77.e.229")&gt;'.</msg>
<arg>${tab}</arg>
<doc>Click the element identified by ``locator``.</doc>
<status status="PASS" start="2025-02-12T12:11:22.108435" elapsed="0.106736"/>
</kw>
<kw name="Sleep" owner="BuiltIn">
<msg time="2025-02-12T12:11:24.216401" level="INFO">Slept 2 seconds.</msg>
<arg>2s</arg>
<doc>Pauses the test executed for the given time.</doc>
<status status="PASS" start="2025-02-12T12:11:22.215664" elapsed="2.000974"/>
</kw>
<kw name="Capture Page Screenshot" owner="SeleniumLibrary">
<msg time="2025-02-12T12:11:24.373456" level="INFO" html="true">&lt;/td&gt;&lt;/tr&gt;&lt;tr&gt;&lt;td colspan="3"&gt;&lt;a href="selenium-screenshot-183.png"&gt;&lt;img src="selenium-screenshot-183.png" width="800px"&gt;&lt;/a&gt;</msg>
<doc>Takes a screenshot of the current page and embeds it into a log file.</doc>
<status status="PASS" start="2025-02-12T12:11:24.217018" elapsed="0.156660"/>
</kw>
<var name="${tab}">&lt;selenium.webdriver.remote.webelement.WebElement (session="51c50bb8b515f8895ffdd403e625e401", element="f.37F7B33F28856F73FE49C9AFFAE2C188.d.B70D4B26F07165DBD6DAF229AE716B77.e.229")&gt;</var>
<status status="PASS" start="2025-02-12T12:11:21.839826" elapsed="2.534004"/>
</iter>
<iter>
<kw name="Scroll Element Into View" owner="SeleniumLibrary">
<arg>${tab}</arg>
<doc>Scrolls the element identified by ``locator`` into view.</doc>
<status status="PASS" start="2025-02-12T12:11:24.374479" elapsed="0.268208"/>
</kw>
<kw name="Click Element" owner="SeleniumLibrary">
<msg time="2025-02-12T12:11:24.643587" level="INFO">Clicking element '&lt;selenium.webdriver.remote.webelement.WebElement (session="51c50bb8b515f8895ffdd403e625e401", element="f.37F7B33F28856F73FE49C9AFFAE2C188.d.B70D4B26F07165DBD6DAF229AE716B77.e.230")&gt;'.</msg>
<arg>${tab}</arg>
<doc>Click the element identified by ``locator``.</doc>
<status status="PASS" start="2025-02-12T12:11:24.643087" elapsed="0.108341"/>
</kw>
<kw name="Sleep" owner="BuiltIn">
<msg time="2025-02-12T12:11:26.752494" level="INFO">Slept 2 seconds.</msg>
<arg>2s</arg>
<doc>Pauses the test executed for the given time.</doc>
<status status="PASS" start="2025-02-12T12:11:24.751830" elapsed="2.000898"/>
</kw>
<kw name="Capture Page Screenshot" owner="SeleniumLibrary">
<msg time="2025-02-12T12:11:26.921349" level="INFO" html="true">&lt;/td&gt;&lt;/tr&gt;&lt;tr&gt;&lt;td colspan="3"&gt;&lt;a href="selenium-screenshot-184.png"&gt;&lt;img src="selenium-screenshot-184.png" width="800px"&gt;&lt;/a&gt;</msg>
<doc>Takes a screenshot of the current page and embeds it into a log file.</doc>
<status status="PASS" start="2025-02-12T12:11:26.753115" elapsed="0.168449"/>
</kw>
<var name="${tab}">&lt;selenium.webdriver.remote.webelement.WebElement (session="51c50bb8b515f8895ffdd403e625e401", element="f.37F7B33F28856F73FE49C9AFFAE2C188.d.B70D4B26F07165DBD6DAF229AE716B77.e.230")&gt;</var>
<status status="PASS" start="2025-02-12T12:11:24.374211" elapsed="2.547501"/>
</iter>
<var>${tab}</var>
<value>@{tabs_it}</value>
<status status="PASS" start="2025-02-12T12:11:09.052576" elapsed="17.869287"/>
</for>
<kw name="Close Browser" owner="SeleniumLibrary">
<doc>Closes the current browser.</doc>
<status status="PASS" start="2025-02-12T12:11:26.922340" elapsed="0.125189"/>
</kw>
<status status="PASS" start="2025-02-12T12:09:50.386848" elapsed="96.661114"/>
</test>
<status status="PASS" start="2025-02-12T12:09:50.246617" elapsed="96.802868"/>
</suite>
<statistics>
<total>
<stat pass="1" fail="0" skip="0">All Tests</stat>
</total>
<tag>
</tag>
<suite>
<stat name="Researchers test" id="s1" pass="1" fail="0" skip="0">Researchers test</stat>
</suite>
</statistics>
<errors>
</errors>
</robot>
