<?xml version="1.0" encoding="UTF-8"?>
<robot generator="Robot 7.1.1 (Python 3.13.1 on win32)" generated="2025-02-26T00:39:33.116820" rpa="false" schemaversion="5">
<suite id="s1" name="Language Switch Publications" source="C:\Users\franc\Desktop\se_67\git_sp2\git-group-repository-group-2-sec-2\Collect_sp2\UAT-001.1\language_switch_publications.robot">
<test id="s1-t1" name="Test Switching Between All Languages" line="19">
<kw name="Open Browser" owner="SeleniumLibrary">
<msg time="2025-02-26T00:39:33.354129" level="INFO">Opening browser 'Chrome' to base url 'http://127.0.0.1:8000'.</msg>
<arg>${URL}</arg>
<arg>${BROWSER}</arg>
<doc>Opens a new browser instance to the optional ``url``.</doc>
<status status="PASS" start="2025-02-26T00:39:33.353899" elapsed="2.271878"/>
</kw>
<kw name="Delete All Cookies" owner="SeleniumLibrary">
<doc>Deletes all cookies.</doc>
<status status="PASS" start="2025-02-26T00:39:35.626233" elapsed="0.056649"/>
</kw>
<kw name="Execute Javascript" owner="SeleniumLibrary">
<msg time="2025-02-26T00:39:35.683731" level="INFO">Executing JavaScript:
window.localStorage.clear();
Without any arguments.</msg>
<arg>window.localStorage.clear();</arg>
<doc>Executes the given JavaScript code with possible arguments.</doc>
<status status="PASS" start="2025-02-26T00:39:35.683340" elapsed="0.007782"/>
</kw>
<kw name="Execute Javascript" owner="SeleniumLibrary">
<msg time="2025-02-26T00:39:35.692105" level="INFO">Executing JavaScript:
window.sessionStorage.clear();
Without any arguments.</msg>
<arg>window.sessionStorage.clear();</arg>
<doc>Executes the given JavaScript code with possible arguments.</doc>
<status status="PASS" start="2025-02-26T00:39:35.691591" elapsed="0.012197"/>
</kw>
<kw name="Reload Page" owner="SeleniumLibrary">
<doc>Simulates user reloading page.</doc>
<status status="PASS" start="2025-02-26T00:39:35.704106" elapsed="0.517602"/>
</kw>
<kw name="Maximize Browser Window" owner="SeleniumLibrary">
<doc>Maximizes current browser window.</doc>
<status status="PASS" start="2025-02-26T00:39:36.222167" elapsed="0.054572"/>
</kw>
<kw name="Set Selenium Speed" owner="SeleniumLibrary">
<arg>0.3s</arg>
<doc>Sets the delay that is waited after each Selenium command.</doc>
<status status="PASS" start="2025-02-26T00:39:36.277085" elapsed="0.000388"/>
</kw>
<kw name="Change Language To Thai">
<kw name="Mouse Over" owner="SeleniumLibrary">
<msg time="2025-02-26T00:39:36.278972" level="INFO">Simulating Mouse Over on element 'xpath=//*[@id="navbarDropdownMenuLink"]'.</msg>
<arg>${LANG_DROPDOWN}</arg>
<doc>Simulates hovering the mouse over the element ``locator``.</doc>
<status status="PASS" start="2025-02-26T00:39:36.278260" elapsed="0.883684"/>
</kw>
<kw name="Sleep" owner="BuiltIn">
<msg time="2025-02-26T00:39:38.162665" level="INFO">Slept 1 second.</msg>
<arg>1s</arg>
<doc>Pauses the test executed for the given time.</doc>
<status status="PASS" start="2025-02-26T00:39:37.162129" elapsed="1.000635"/>
</kw>
<kw name="Click Element" owner="SeleniumLibrary">
<msg time="2025-02-26T00:39:38.163138" level="INFO">Clicking element 'xpath=//*[@id="navbarDropdownMenuLink"]'.</msg>
<arg>${LANG_DROPDOWN}</arg>
<doc>Click the element identified by ``locator``.</doc>
<status status="PASS" start="2025-02-26T00:39:38.162922" elapsed="0.661435"/>
</kw>
<kw name="Wait Until Element Is Visible" owner="SeleniumLibrary">
<arg>${TH_BUTTON}</arg>
<arg>timeout=5s</arg>
<doc>Waits until the element ``locator`` is visible.</doc>
<status status="PASS" start="2025-02-26T00:39:38.824538" elapsed="0.618638"/>
</kw>
<kw name="Click Element" owner="SeleniumLibrary">
<msg time="2025-02-26T00:39:39.443578" level="INFO">Clicking element 'xpath=//div[@class='dropdown-menu show']//a[contains(text(), 'ไทย')]'.</msg>
<arg>${TH_BUTTON}</arg>
<doc>Click the element identified by ``locator``.</doc>
<status status="PASS" start="2025-02-26T00:39:39.443380" elapsed="1.268630"/>
</kw>
<kw name="Sleep" owner="BuiltIn">
<msg time="2025-02-26T00:39:43.712550" level="INFO">Slept 3 seconds.</msg>
<arg>3s</arg>
<doc>Pauses the test executed for the given time.</doc>
<status status="PASS" start="2025-02-26T00:39:40.712197" elapsed="3.000453"/>
</kw>
<status status="PASS" start="2025-02-26T00:39:36.277877" elapsed="7.434869"/>
</kw>
<kw name="Reload Page" owner="SeleniumLibrary">
<doc>Simulates user reloading page.</doc>
<status status="PASS" start="2025-02-26T00:39:43.713061" elapsed="0.759785"/>
</kw>
<kw name="Get Text" owner="SeleniumLibrary">
<msg time="2025-02-26T00:39:45.093322" level="INFO">${text} = ไทย</msg>
<var>${text}</var>
<arg>${LANG_DROPDOWN}</arg>
<doc>Returns the text value of the element identified by ``locator``.</doc>
<status status="PASS" start="2025-02-26T00:39:44.473337" elapsed="0.620031"/>
</kw>
<kw name="Log" owner="BuiltIn">
<msg time="2025-02-26T00:39:45.093864" level="INFO">Current language: ไทย</msg>
<arg>Current language: ${text}</arg>
<doc>Logs the given message with the given level.</doc>
<status status="PASS" start="2025-02-26T00:39:45.093682" elapsed="0.000221"/>
</kw>
<kw name="Scroll Down And Click 2022">
<kw name="Execute Javascript" owner="SeleniumLibrary">
<msg time="2025-02-26T00:39:45.094722" level="INFO">Executing JavaScript:
window.scrollTo(0, document.body.scrollHeight)
Without any arguments.</msg>
<arg>window.scrollTo(0, document.body.scrollHeight)</arg>
<doc>Executes the given JavaScript code with possible arguments.</doc>
<status status="PASS" start="2025-02-26T00:39:45.094462" elapsed="0.305171"/>
</kw>
<kw name="Sleep" owner="BuiltIn">
<msg time="2025-02-26T00:39:47.400215" level="INFO">Slept 2 seconds.</msg>
<arg>2s</arg>
<doc>Pauses the test executed for the given time.</doc>
<status status="PASS" start="2025-02-26T00:39:45.399860" elapsed="2.000459"/>
</kw>
<kw name="Click Year 2022">
<kw name="Wait Until Element Is Visible" owner="SeleniumLibrary">
<arg>${YEAR_2022_BUTTON}</arg>
<arg>timeout=5s</arg>
<doc>Waits until the element ``locator`` is visible.</doc>
<status status="PASS" start="2025-02-26T00:39:47.400708" elapsed="0.618484"/>
</kw>
<kw name="Click Element" owner="SeleniumLibrary">
<msg time="2025-02-26T00:39:48.019558" level="INFO">Clicking element 'xpath=//button[contains(text(), '2022')]'.</msg>
<arg>${YEAR_2022_BUTTON}</arg>
<doc>Click the element identified by ``locator``.</doc>
<status status="PASS" start="2025-02-26T00:39:48.019375" elapsed="0.652101"/>
</kw>
<kw name="Sleep" owner="BuiltIn">
<msg time="2025-02-26T00:39:50.672446" level="INFO">Slept 2 seconds.</msg>
<arg>2s</arg>
<doc>Pauses the test executed for the given time.</doc>
<status status="PASS" start="2025-02-26T00:39:48.671661" elapsed="2.000975"/>
</kw>
<status status="PASS" start="2025-02-26T00:39:47.400508" elapsed="3.272317"/>
</kw>
<status status="PASS" start="2025-02-26T00:39:45.094241" elapsed="5.578641"/>
</kw>
<kw name="Capture Page Screenshot" owner="SeleniumLibrary">
<msg time="2025-02-26T00:39:51.058524" level="INFO" html="true">&lt;/td&gt;&lt;/tr&gt;&lt;tr&gt;&lt;td colspan="3"&gt;&lt;a href="th_publications_page.png"&gt;&lt;img src="th_publications_page.png" width="800px"&gt;&lt;/a&gt;</msg>
<arg>th_publications_page.png</arg>
<doc>Takes a screenshot of the current page and embeds it into a log file.</doc>
<status status="PASS" start="2025-02-26T00:39:50.673244" elapsed="0.385390"/>
</kw>
<kw name="Change Language To English">
<kw name="Mouse Over" owner="SeleniumLibrary">
<msg time="2025-02-26T00:39:51.059360" level="INFO">Simulating Mouse Over on element 'xpath=//*[@id="navbarDropdownMenuLink"]'.</msg>
<arg>${LANG_DROPDOWN}</arg>
<doc>Simulates hovering the mouse over the element ``locator``.</doc>
<status status="PASS" start="2025-02-26T00:39:51.059216" elapsed="0.875828"/>
</kw>
<kw name="Sleep" owner="BuiltIn">
<msg time="2025-02-26T00:39:52.935607" level="INFO">Slept 1 second.</msg>
<arg>1s</arg>
<doc>Pauses the test executed for the given time.</doc>
<status status="PASS" start="2025-02-26T00:39:51.935222" elapsed="1.000487"/>
</kw>
<kw name="Click Element" owner="SeleniumLibrary">
<msg time="2025-02-26T00:39:52.936288" level="INFO">Clicking element 'xpath=//*[@id="navbarDropdownMenuLink"]'.</msg>
<arg>${LANG_DROPDOWN}</arg>
<doc>Click the element identified by ``locator``.</doc>
<status status="PASS" start="2025-02-26T00:39:52.935862" elapsed="0.641453"/>
</kw>
<kw name="Wait Until Element Is Visible" owner="SeleniumLibrary">
<arg>${EN_BUTTON}</arg>
<arg>timeout=5s</arg>
<doc>Waits until the element ``locator`` is visible.</doc>
<status status="PASS" start="2025-02-26T00:39:53.577493" elapsed="0.615211"/>
</kw>
<kw name="Click Element" owner="SeleniumLibrary">
<msg time="2025-02-26T00:39:54.193113" level="INFO">Clicking element 'xpath=//div[@class='dropdown-menu show']//a[contains(text(), 'English')]'.</msg>
<arg>${EN_BUTTON}</arg>
<doc>Click the element identified by ``locator``.</doc>
<status status="PASS" start="2025-02-26T00:39:54.192903" elapsed="1.235152"/>
</kw>
<kw name="Sleep" owner="BuiltIn">
<msg time="2025-02-26T00:39:58.428612" level="INFO">Slept 3 seconds.</msg>
<arg>3s</arg>
<doc>Pauses the test executed for the given time.</doc>
<status status="PASS" start="2025-02-26T00:39:55.428233" elapsed="3.000482"/>
</kw>
<status status="PASS" start="2025-02-26T00:39:51.058993" elapsed="7.369815"/>
</kw>
<kw name="Reload Page" owner="SeleniumLibrary">
<doc>Simulates user reloading page.</doc>
<status status="PASS" start="2025-02-26T00:39:58.429053" elapsed="0.780118"/>
</kw>
<kw name="Get Text" owner="SeleniumLibrary">
<msg time="2025-02-26T00:39:59.823424" level="INFO">${text} = ENGLISH</msg>
<var>${text}</var>
<arg>${LANG_DROPDOWN}</arg>
<doc>Returns the text value of the element identified by ``locator``.</doc>
<status status="PASS" start="2025-02-26T00:39:59.209488" elapsed="0.613979"/>
</kw>
<kw name="Log" owner="BuiltIn">
<msg time="2025-02-26T00:39:59.823883" level="INFO">Current language: ENGLISH</msg>
<arg>Current language: ${text}</arg>
<doc>Logs the given message with the given level.</doc>
<status status="PASS" start="2025-02-26T00:39:59.823744" elapsed="0.000173"/>
</kw>
<kw name="Scroll Down And Click 2022">
<kw name="Execute Javascript" owner="SeleniumLibrary">
<msg time="2025-02-26T00:39:59.824622" level="INFO">Executing JavaScript:
window.scrollTo(0, document.body.scrollHeight)
Without any arguments.</msg>
<arg>window.scrollTo(0, document.body.scrollHeight)</arg>
<doc>Executes the given JavaScript code with possible arguments.</doc>
<status status="PASS" start="2025-02-26T00:39:59.824365" elapsed="0.304098"/>
</kw>
<kw name="Sleep" owner="BuiltIn">
<msg time="2025-02-26T00:40:02.129053" level="INFO">Slept 2 seconds.</msg>
<arg>2s</arg>
<doc>Pauses the test executed for the given time.</doc>
<status status="PASS" start="2025-02-26T00:40:00.128640" elapsed="2.000525"/>
</kw>
<kw name="Click Year 2022">
<kw name="Wait Until Element Is Visible" owner="SeleniumLibrary">
<arg>${YEAR_2022_BUTTON}</arg>
<arg>timeout=5s</arg>
<doc>Waits until the element ``locator`` is visible.</doc>
<status status="PASS" start="2025-02-26T00:40:02.129540" elapsed="0.614565"/>
</kw>
<kw name="Click Element" owner="SeleniumLibrary">
<msg time="2025-02-26T00:40:02.744479" level="INFO">Clicking element 'xpath=//button[contains(text(), '2022')]'.</msg>
<arg>${YEAR_2022_BUTTON}</arg>
<doc>Click the element identified by ``locator``.</doc>
<status status="PASS" start="2025-02-26T00:40:02.744292" elapsed="0.641045"/>
</kw>
<kw name="Sleep" owner="BuiltIn">
<msg time="2025-02-26T00:40:05.385890" level="INFO">Slept 2 seconds.</msg>
<arg>2s</arg>
<doc>Pauses the test executed for the given time.</doc>
<status status="PASS" start="2025-02-26T00:40:03.385540" elapsed="2.000459"/>
</kw>
<status status="PASS" start="2025-02-26T00:40:02.129353" elapsed="3.256730"/>
</kw>
<status status="PASS" start="2025-02-26T00:39:59.824200" elapsed="5.561921"/>
</kw>
<kw name="Capture Page Screenshot" owner="SeleniumLibrary">
<msg time="2025-02-26T00:40:05.769931" level="INFO" html="true">&lt;/td&gt;&lt;/tr&gt;&lt;tr&gt;&lt;td colspan="3"&gt;&lt;a href="en_publications_page.png"&gt;&lt;img src="en_publications_page.png" width="800px"&gt;&lt;/a&gt;</msg>
<arg>en_publications_page.png</arg>
<doc>Takes a screenshot of the current page and embeds it into a log file.</doc>
<status status="PASS" start="2025-02-26T00:40:05.386463" elapsed="0.383624"/>
</kw>
<kw name="Change Language To Chinese">
<kw name="Mouse Over" owner="SeleniumLibrary">
<msg time="2025-02-26T00:40:05.770919" level="INFO">Simulating Mouse Over on element 'xpath=//*[@id="navbarDropdownMenuLink"]'.</msg>
<arg>${LANG_DROPDOWN}</arg>
<doc>Simulates hovering the mouse over the element ``locator``.</doc>
<status status="PASS" start="2025-02-26T00:40:05.770665" elapsed="0.878414"/>
</kw>
<kw name="Sleep" owner="BuiltIn">
<msg time="2025-02-26T00:40:07.649815" level="INFO">Slept 1 second.</msg>
<arg>1s</arg>
<doc>Pauses the test executed for the given time.</doc>
<status status="PASS" start="2025-02-26T00:40:06.649256" elapsed="1.000682"/>
</kw>
<kw name="Click Element" owner="SeleniumLibrary">
<msg time="2025-02-26T00:40:07.650317" level="INFO">Clicking element 'xpath=//*[@id="navbarDropdownMenuLink"]'.</msg>
<arg>${LANG_DROPDOWN}</arg>
<doc>Click the element identified by ``locator``.</doc>
<status status="PASS" start="2025-02-26T00:40:07.650088" elapsed="0.637159"/>
</kw>
<kw name="Wait Until Element Is Visible" owner="SeleniumLibrary">
<arg>${CH_BUTTON}</arg>
<arg>timeout=5s</arg>
<doc>Waits until the element ``locator`` is visible.</doc>
<status status="PASS" start="2025-02-26T00:40:08.287423" elapsed="0.614895"/>
</kw>
<kw name="Click Element" owner="SeleniumLibrary">
<msg time="2025-02-26T00:40:08.902703" level="INFO">Clicking element 'xpath=//div[@class='dropdown-menu show']//a[contains(text(), '中文')]'.</msg>
<arg>${CH_BUTTON}</arg>
<doc>Click the element identified by ``locator``.</doc>
<status status="PASS" start="2025-02-26T00:40:08.902507" elapsed="1.238460"/>
</kw>
<kw name="Sleep" owner="BuiltIn">
<msg time="2025-02-26T00:40:13.141815" level="INFO">Slept 3 seconds.</msg>
<arg>3s</arg>
<doc>Pauses the test executed for the given time.</doc>
<status status="PASS" start="2025-02-26T00:40:10.141146" elapsed="3.000763"/>
</kw>
<status status="PASS" start="2025-02-26T00:40:05.770471" elapsed="7.371528"/>
</kw>
<kw name="Reload Page" owner="SeleniumLibrary">
<doc>Simulates user reloading page.</doc>
<status status="PASS" start="2025-02-26T00:40:13.142272" elapsed="0.773272"/>
</kw>
<kw name="Get Text" owner="SeleniumLibrary">
<msg time="2025-02-26T00:40:14.531143" level="INFO">${text} = 中文</msg>
<var>${text}</var>
<arg>${LANG_DROPDOWN}</arg>
<doc>Returns the text value of the element identified by ``locator``.</doc>
<status status="PASS" start="2025-02-26T00:40:13.915987" elapsed="0.615203"/>
</kw>
<kw name="Log" owner="BuiltIn">
<msg time="2025-02-26T00:40:14.531600" level="INFO">Current language: 中文</msg>
<arg>Current language: ${text}</arg>
<doc>Logs the given message with the given level.</doc>
<status status="PASS" start="2025-02-26T00:40:14.531458" elapsed="0.000176"/>
</kw>
<kw name="Scroll Down And Click 2022">
<kw name="Execute Javascript" owner="SeleniumLibrary">
<msg time="2025-02-26T00:40:14.532311" level="INFO">Executing JavaScript:
window.scrollTo(0, document.body.scrollHeight)
Without any arguments.</msg>
<arg>window.scrollTo(0, document.body.scrollHeight)</arg>
<doc>Executes the given JavaScript code with possible arguments.</doc>
<status status="PASS" start="2025-02-26T00:40:14.532003" elapsed="0.304184"/>
</kw>
<kw name="Sleep" owner="BuiltIn">
<msg time="2025-02-26T00:40:16.837088" level="INFO">Slept 2 seconds.</msg>
<arg>2s</arg>
<doc>Pauses the test executed for the given time.</doc>
<status status="PASS" start="2025-02-26T00:40:14.836367" elapsed="2.000826"/>
</kw>
<kw name="Click Year 2022">
<kw name="Wait Until Element Is Visible" owner="SeleniumLibrary">
<arg>${YEAR_2022_BUTTON}</arg>
<arg>timeout=5s</arg>
<doc>Waits until the element ``locator`` is visible.</doc>
<status status="PASS" start="2025-02-26T00:40:16.837576" elapsed="0.614021"/>
</kw>
<kw name="Click Element" owner="SeleniumLibrary">
<msg time="2025-02-26T00:40:17.452112" level="INFO">Clicking element 'xpath=//button[contains(text(), '2022')]'.</msg>
<arg>${YEAR_2022_BUTTON}</arg>
<doc>Click the element identified by ``locator``.</doc>
<status status="PASS" start="2025-02-26T00:40:17.451902" elapsed="0.640648"/>
</kw>
<kw name="Sleep" owner="BuiltIn">
<msg time="2025-02-26T00:40:20.093068" level="INFO">Slept 2 seconds.</msg>
<arg>2s</arg>
<doc>Pauses the test executed for the given time.</doc>
<status status="PASS" start="2025-02-26T00:40:18.092729" elapsed="2.000439"/>
</kw>
<status status="PASS" start="2025-02-26T00:40:16.837372" elapsed="3.255880"/>
</kw>
<status status="PASS" start="2025-02-26T00:40:14.531840" elapsed="5.561464"/>
</kw>
<kw name="Capture Page Screenshot" owner="SeleniumLibrary">
<msg time="2025-02-26T00:40:20.471615" level="INFO" html="true">&lt;/td&gt;&lt;/tr&gt;&lt;tr&gt;&lt;td colspan="3"&gt;&lt;a href="ch_publications_page.png"&gt;&lt;img src="ch_publications_page.png" width="800px"&gt;&lt;/a&gt;</msg>
<arg>ch_publications_page.png</arg>
<doc>Takes a screenshot of the current page and embeds it into a log file.</doc>
<status status="PASS" start="2025-02-26T00:40:20.093672" elapsed="0.378036"/>
</kw>
<kw name="Close Browser" owner="SeleniumLibrary">
<doc>Closes the current browser.</doc>
<status status="PASS" start="2025-02-26T00:40:20.472035" elapsed="2.396859"/>
</kw>
<status status="PASS" start="2025-02-26T00:39:33.353069" elapsed="49.516152"/>
</test>
<status status="PASS" start="2025-02-26T00:39:33.118508" elapsed="49.751383"/>
</suite>
<statistics>
<total>
<stat pass="1" fail="0" skip="0">All Tests</stat>
</total>
<tag>
</tag>
<suite>
<stat pass="1" fail="0" skip="0" id="s1" name="Language Switch Publications">Language Switch Publications</stat>
</suite>
</statistics>
<errors>
</errors>
</robot>
